The system is: Linux - 4.4.38-tegra - aarch64
Compiling the C compiler identification source file "CMakeCCompilerId.c" succeeded.
Compiler: /usr/bin/cc 
Build flags: 
Id flags: 

The output was:
0


Compilation of the C compiler identification source "CMakeCCompilerId.c" produced "a.out"

The C compiler identification is GNU, found in "/home/nvidia/feixianxing_ku/eigen3.3.7/build/CMakeFiles/3.5.1/CompilerIdC/a.out"

Compiling the CXX compiler identification source file "CMakeCXXCompilerId.cpp" succeeded.
Compiler: /usr/bin/c++ 
Build flags: 
Id flags: 

The output was:
0


Compilation of the CXX compiler identification source "CMakeCXXCompilerId.cpp" produced "a.out"

The CXX compiler identification is GNU, found in "/home/nvidia/feixianxing_ku/eigen3.3.7/build/CMakeFiles/3.5.1/CompilerIdCXX/a.out"

Determining if the C compiler works passed with the following output:
Change Dir: /home/nvidia/feixianxing_ku/eigen3.3.7/build/CMakeFiles/CMakeTmp

Run Build Command:"/usr/bin/make" "cmTC_6eba7/fast"
/usr/bin/make -f CMakeFiles/cmTC_6eba7.dir/build.make CMakeFiles/cmTC_6eba7.dir/build
make[1]: Entering directory '/home/nvidia/feixianxing_ku/eigen3.3.7/build/CMakeFiles/CMakeTmp'
Building C object CMakeFiles/cmTC_6eba7.dir/testCCompiler.c.o
/usr/bin/cc     -o CMakeFiles/cmTC_6eba7.dir/testCCompiler.c.o   -c /home/nvidia/feixianxing_ku/eigen3.3.7/build/CMakeFiles/CMakeTmp/testCCompiler.c
Linking C executable cmTC_6eba7
/usr/bin/cmake -E cmake_link_script CMakeFiles/cmTC_6eba7.dir/link.txt --verbose=1
/usr/bin/cc       CMakeFiles/cmTC_6eba7.dir/testCCompiler.c.o  -o cmTC_6eba7 -rdynamic 
make[1]: Leaving directory '/home/nvidia/feixianxing_ku/eigen3.3.7/build/CMakeFiles/CMakeTmp'


Detecting C compiler ABI info compiled with the following output:
Change Dir: /home/nvidia/feixianxing_ku/eigen3.3.7/build/CMakeFiles/CMakeTmp

Run Build Command:"/usr/bin/make" "cmTC_66ecc/fast"
/usr/bin/make -f CMakeFiles/cmTC_66ecc.dir/build.make CMakeFiles/cmTC_66ecc.dir/build
make[1]: Entering directory '/home/nvidia/feixianxing_ku/eigen3.3.7/build/CMakeFiles/CMakeTmp'
Building C object CMakeFiles/cmTC_66ecc.dir/CMakeCCompilerABI.c.o
/usr/bin/cc     -o CMakeFiles/cmTC_66ecc.dir/CMakeCCompilerABI.c.o   -c /usr/share/cmake-3.5/Modules/CMakeCCompilerABI.c
Linking C executable cmTC_66ecc
/usr/bin/cmake -E cmake_link_script CMakeFiles/cmTC_66ecc.dir/link.txt --verbose=1
/usr/bin/cc      -v CMakeFiles/cmTC_66ecc.dir/CMakeCCompilerABI.c.o  -o cmTC_66ecc -rdynamic  
Using built-in specs.
COLLECT_GCC=/usr/bin/cc
COLLECT_LTO_WRAPPER=/usr/lib/gcc/aarch64-linux-gnu/5/lto-wrapper
Target: aarch64-linux-gnu
Configured with: ../src/configure -v --with-pkgversion='Ubuntu/Linaro 5.4.0-6ubuntu1~16.04.11' --with-bugurl=file:///usr/share/doc/gcc-5/README.Bugs --enable-languages=c,ada,c++,java,go,d,fortran,objc,obj-c++ --prefix=/usr --program-suffix=-5 --enable-shared --enable-linker-build-id --libexecdir=/usr/lib --without-included-gettext --enable-threads=posix --libdir=/usr/lib --enable-nls --with-sysroot=/ --enable-clocale=gnu --enable-libstdcxx-debug --enable-libstdcxx-time=yes --with-default-libstdcxx-abi=new --enable-gnu-unique-object --disable-libquadmath --enable-plugin --with-system-zlib --disable-browser-plugin --enable-java-awt=gtk --enable-gtk-cairo --with-java-home=/usr/lib/jvm/java-1.5.0-gcj-5-arm64/jre --enable-java-home --with-jvm-root-dir=/usr/lib/jvm/java-1.5.0-gcj-5-arm64 --with-jvm-jar-dir=/usr/lib/jvm-exports/java-1.5.0-gcj-5-arm64 --with-arch-directory=aarch64 --with-ecj-jar=/usr/share/java/eclipse-ecj.jar --enable-multiarch --enable-fix-cortex-a53-843419 --disable-werror --enable-checking=release --build=aarch64-linux-gnu --host=aarch64-linux-gnu --target=aarch64-linux-gnu
Thread model: posix
gcc version 5.4.0 20160609 (Ubuntu/Linaro 5.4.0-6ubuntu1~16.04.11) 
COMPILER_PATH=/usr/lib/gcc/aarch64-linux-gnu/5/:/usr/lib/gcc/aarch64-linux-gnu/5/:/usr/lib/gcc/aarch64-linux-gnu/:/usr/lib/gcc/aarch64-linux-gnu/5/:/usr/lib/gcc/aarch64-linux-gnu/
LIBRARY_PATH=/usr/lib/gcc/aarch64-linux-gnu/5/:/usr/lib/gcc/aarch64-linux-gnu/5/../../../aarch64-linux-gnu/:/usr/lib/gcc/aarch64-linux-gnu/5/../../../../lib/:/lib/aarch64-linux-gnu/:/lib/../lib/:/usr/lib/aarch64-linux-gnu/:/usr/lib/../lib/:/usr/lib/gcc/aarch64-linux-gnu/5/../../../:/lib/:/usr/lib/
COLLECT_GCC_OPTIONS='-v' '-o' 'cmTC_66ecc' '-rdynamic' '-mlittle-endian' '-mabi=lp64'
 /usr/lib/gcc/aarch64-linux-gnu/5/collect2 -plugin /usr/lib/gcc/aarch64-linux-gnu/5/liblto_plugin.so -plugin-opt=/usr/lib/gcc/aarch64-linux-gnu/5/lto-wrapper -plugin-opt=-fresolution=/tmp/ccKnLxVE.res -plugin-opt=-pass-through=-lgcc -plugin-opt=-pass-through=-lgcc_s -plugin-opt=-pass-through=-lc -plugin-opt=-pass-through=-lgcc -plugin-opt=-pass-through=-lgcc_s --sysroot=/ --build-id --eh-frame-hdr --hash-style=gnu --as-needed -export-dynamic -dynamic-linker /lib/ld-linux-aarch64.so.1 -X -EL -maarch64linux --fix-cortex-a53-843419 -z relro -o cmTC_66ecc /usr/lib/gcc/aarch64-linux-gnu/5/../../../aarch64-linux-gnu/crt1.o /usr/lib/gcc/aarch64-linux-gnu/5/../../../aarch64-linux-gnu/crti.o /usr/lib/gcc/aarch64-linux-gnu/5/crtbegin.o -L/usr/lib/gcc/aarch64-linux-gnu/5 -L/usr/lib/gcc/aarch64-linux-gnu/5/../../../aarch64-linux-gnu -L/usr/lib/gcc/aarch64-linux-gnu/5/../../../../lib -L/lib/aarch64-linux-gnu -L/lib/../lib -L/usr/lib/aarch64-linux-gnu -L/usr/lib/../lib -L/usr/lib/gcc/aarch64-linux-gnu/5/../../.. CMakeFiles/cmTC_66ecc.dir/CMakeCCompilerABI.c.o -lgcc --as-needed -lgcc_s --no-as-needed -lc -lgcc --as-needed -lgcc_s --no-as-needed /usr/lib/gcc/aarch64-linux-gnu/5/crtend.o /usr/lib/gcc/aarch64-linux-gnu/5/../../../aarch64-linux-gnu/crtn.o
make[1]: Leaving directory '/home/nvidia/feixianxing_ku/eigen3.3.7/build/CMakeFiles/CMakeTmp'


Parsed C implicit link information from above output:
  link line regex: [^( *|.*[/\])(ld|([^/\]+-)?ld|collect2)[^/\]*( |$)]
  ignore line: [Change Dir: /home/nvidia/feixianxing_ku/eigen3.3.7/build/CMakeFiles/CMakeTmp]
  ignore line: []
  ignore line: [Run Build Command:"/usr/bin/make" "cmTC_66ecc/fast"]
  ignore line: [/usr/bin/make -f CMakeFiles/cmTC_66ecc.dir/build.make CMakeFiles/cmTC_66ecc.dir/build]
  ignore line: [make[1]: Entering directory '/home/nvidia/feixianxing_ku/eigen3.3.7/build/CMakeFiles/CMakeTmp']
  ignore line: [Building C object CMakeFiles/cmTC_66ecc.dir/CMakeCCompilerABI.c.o]
  ignore line: [/usr/bin/cc     -o CMakeFiles/cmTC_66ecc.dir/CMakeCCompilerABI.c.o   -c /usr/share/cmake-3.5/Modules/CMakeCCompilerABI.c]
  ignore line: [Linking C executable cmTC_66ecc]
  ignore line: [/usr/bin/cmake -E cmake_link_script CMakeFiles/cmTC_66ecc.dir/link.txt --verbose=1]
  ignore line: [/usr/bin/cc      -v CMakeFiles/cmTC_66ecc.dir/CMakeCCompilerABI.c.o  -o cmTC_66ecc -rdynamic  ]
  ignore line: [Using built-in specs.]
  ignore line: [COLLECT_GCC=/usr/bin/cc]
  ignore line: [COLLECT_LTO_WRAPPER=/usr/lib/gcc/aarch64-linux-gnu/5/lto-wrapper]
  ignore line: [Target: aarch64-linux-gnu]
  ignore line: [Configured with: ../src/configure -v --with-pkgversion='Ubuntu/Linaro 5.4.0-6ubuntu1~16.04.11' --with-bugurl=file:///usr/share/doc/gcc-5/README.Bugs --enable-languages=c,ada,c++,java,go,d,fortran,objc,obj-c++ --prefix=/usr --program-suffix=-5 --enable-shared --enable-linker-build-id --libexecdir=/usr/lib --without-included-gettext --enable-threads=posix --libdir=/usr/lib --enable-nls --with-sysroot=/ --enable-clocale=gnu --enable-libstdcxx-debug --enable-libstdcxx-time=yes --with-default-libstdcxx-abi=new --enable-gnu-unique-object --disable-libquadmath --enable-plugin --with-system-zlib --disable-browser-plugin --enable-java-awt=gtk --enable-gtk-cairo --with-java-home=/usr/lib/jvm/java-1.5.0-gcj-5-arm64/jre --enable-java-home --with-jvm-root-dir=/usr/lib/jvm/java-1.5.0-gcj-5-arm64 --with-jvm-jar-dir=/usr/lib/jvm-exports/java-1.5.0-gcj-5-arm64 --with-arch-directory=aarch64 --with-ecj-jar=/usr/share/java/eclipse-ecj.jar --enable-multiarch --enable-fix-cortex-a53-843419 --disable-werror --enable-checking=release --build=aarch64-linux-gnu --host=aarch64-linux-gnu --target=aarch64-linux-gnu]
  ignore line: [Thread model: posix]
  ignore line: [gcc version 5.4.0 20160609 (Ubuntu/Linaro 5.4.0-6ubuntu1~16.04.11) ]
  ignore line: [COMPILER_PATH=/usr/lib/gcc/aarch64-linux-gnu/5/:/usr/lib/gcc/aarch64-linux-gnu/5/:/usr/lib/gcc/aarch64-linux-gnu/:/usr/lib/gcc/aarch64-linux-gnu/5/:/usr/lib/gcc/aarch64-linux-gnu/]
  ignore line: [LIBRARY_PATH=/usr/lib/gcc/aarch64-linux-gnu/5/:/usr/lib/gcc/aarch64-linux-gnu/5/../../../aarch64-linux-gnu/:/usr/lib/gcc/aarch64-linux-gnu/5/../../../../lib/:/lib/aarch64-linux-gnu/:/lib/../lib/:/usr/lib/aarch64-linux-gnu/:/usr/lib/../lib/:/usr/lib/gcc/aarch64-linux-gnu/5/../../../:/lib/:/usr/lib/]
  ignore line: [COLLECT_GCC_OPTIONS='-v' '-o' 'cmTC_66ecc' '-rdynamic' '-mlittle-endian' '-mabi=lp64']
  link line: [ /usr/lib/gcc/aarch64-linux-gnu/5/collect2 -plugin /usr/lib/gcc/aarch64-linux-gnu/5/liblto_plugin.so -plugin-opt=/usr/lib/gcc/aarch64-linux-gnu/5/lto-wrapper -plugin-opt=-fresolution=/tmp/ccKnLxVE.res -plugin-opt=-pass-through=-lgcc -plugin-opt=-pass-through=-lgcc_s -plugin-opt=-pass-through=-lc -plugin-opt=-pass-through=-lgcc -plugin-opt=-pass-through=-lgcc_s --sysroot=/ --build-id --eh-frame-hdr --hash-style=gnu --as-needed -export-dynamic -dynamic-linker /lib/ld-linux-aarch64.so.1 -X -EL -maarch64linux --fix-cortex-a53-843419 -z relro -o cmTC_66ecc /usr/lib/gcc/aarch64-linux-gnu/5/../../../aarch64-linux-gnu/crt1.o /usr/lib/gcc/aarch64-linux-gnu/5/../../../aarch64-linux-gnu/crti.o /usr/lib/gcc/aarch64-linux-gnu/5/crtbegin.o -L/usr/lib/gcc/aarch64-linux-gnu/5 -L/usr/lib/gcc/aarch64-linux-gnu/5/../../../aarch64-linux-gnu -L/usr/lib/gcc/aarch64-linux-gnu/5/../../../../lib -L/lib/aarch64-linux-gnu -L/lib/../lib -L/usr/lib/aarch64-linux-gnu -L/usr/lib/../lib -L/usr/lib/gcc/aarch64-linux-gnu/5/../../.. CMakeFiles/cmTC_66ecc.dir/CMakeCCompilerABI.c.o -lgcc --as-needed -lgcc_s --no-as-needed -lc -lgcc --as-needed -lgcc_s --no-as-needed /usr/lib/gcc/aarch64-linux-gnu/5/crtend.o /usr/lib/gcc/aarch64-linux-gnu/5/../../../aarch64-linux-gnu/crtn.o]
    arg [/usr/lib/gcc/aarch64-linux-gnu/5/collect2] ==> ignore
    arg [-plugin] ==> ignore
    arg [/usr/lib/gcc/aarch64-linux-gnu/5/liblto_plugin.so] ==> ignore
    arg [-plugin-opt=/usr/lib/gcc/aarch64-linux-gnu/5/lto-wrapper] ==> ignore
    arg [-plugin-opt=-fresolution=/tmp/ccKnLxVE.res] ==> ignore
    arg [-plugin-opt=-pass-through=-lgcc] ==> ignore
    arg [-plugin-opt=-pass-through=-lgcc_s] ==> ignore
    arg [-plugin-opt=-pass-through=-lc] ==> ignore
    arg [-plugin-opt=-pass-through=-lgcc] ==> ignore
    arg [-plugin-opt=-pass-through=-lgcc_s] ==> ignore
    arg [--sysroot=/] ==> ignore
    arg [--build-id] ==> ignore
    arg [--eh-frame-hdr] ==> ignore
    arg [--hash-style=gnu] ==> ignore
    arg [--as-needed] ==> ignore
    arg [-export-dynamic] ==> ignore
    arg [-dynamic-linker] ==> ignore
    arg [/lib/ld-linux-aarch64.so.1] ==> ignore
    arg [-X] ==> ignore
    arg [-EL] ==> ignore
    arg [-maarch64linux] ==> ignore
    arg [--fix-cortex-a53-843419] ==> ignore
    arg [-zrelro] ==> ignore
    arg [-o] ==> ignore
    arg [cmTC_66ecc] ==> ignore
    arg [/usr/lib/gcc/aarch64-linux-gnu/5/../../../aarch64-linux-gnu/crt1.o] ==> ignore
    arg [/usr/lib/gcc/aarch64-linux-gnu/5/../../../aarch64-linux-gnu/crti.o] ==> ignore
    arg [/usr/lib/gcc/aarch64-linux-gnu/5/crtbegin.o] ==> ignore
    arg [-L/usr/lib/gcc/aarch64-linux-gnu/5] ==> dir [/usr/lib/gcc/aarch64-linux-gnu/5]
    arg [-L/usr/lib/gcc/aarch64-linux-gnu/5/../../../aarch64-linux-gnu] ==> dir [/usr/lib/gcc/aarch64-linux-gnu/5/../../../aarch64-linux-gnu]
    arg [-L/usr/lib/gcc/aarch64-linux-gnu/5/../../../../lib] ==> dir [/usr/lib/gcc/aarch64-linux-gnu/5/../../../../lib]
    arg [-L/lib/aarch64-linux-gnu] ==> dir [/lib/aarch64-linux-gnu]
    arg [-L/lib/../lib] ==> dir [/lib/../lib]
    arg [-L/usr/lib/aarch64-linux-gnu] ==> dir [/usr/lib/aarch64-linux-gnu]
    arg [-L/usr/lib/../lib] ==> dir [/usr/lib/../lib]
    arg [-L/usr/lib/gcc/aarch64-linux-gnu/5/../../..] ==> dir [/usr/lib/gcc/aarch64-linux-gnu/5/../../..]
    arg [CMakeFiles/cmTC_66ecc.dir/CMakeCCompilerABI.c.o] ==> ignore
    arg [-lgcc] ==> lib [gcc]
    arg [--as-needed] ==> ignore
    arg [-lgcc_s] ==> lib [gcc_s]
    arg [--no-as-needed] ==> ignore
    arg [-lc] ==> lib [c]
    arg [-lgcc] ==> lib [gcc]
    arg [--as-needed] ==> ignore
    arg [-lgcc_s] ==> lib [gcc_s]
    arg [--no-as-needed] ==> ignore
    arg [/usr/lib/gcc/aarch64-linux-gnu/5/crtend.o] ==> ignore
    arg [/usr/lib/gcc/aarch64-linux-gnu/5/../../../aarch64-linux-gnu/crtn.o] ==> ignore
  remove lib [gcc]
  remove lib [gcc_s]
  remove lib [gcc]
  remove lib [gcc_s]
  collapse library dir [/usr/lib/gcc/aarch64-linux-gnu/5] ==> [/usr/lib/gcc/aarch64-linux-gnu/5]
  collapse library dir [/usr/lib/gcc/aarch64-linux-gnu/5/../../../aarch64-linux-gnu] ==> [/usr/lib/aarch64-linux-gnu]
  collapse library dir [/usr/lib/gcc/aarch64-linux-gnu/5/../../../../lib] ==> [/usr/lib]
  collapse library dir [/lib/aarch64-linux-gnu] ==> [/lib/aarch64-linux-gnu]
  collapse library dir [/lib/../lib] ==> [/lib]
  collapse library dir [/usr/lib/aarch64-linux-gnu] ==> [/usr/lib/aarch64-linux-gnu]
  collapse library dir [/usr/lib/../lib] ==> [/usr/lib]
  collapse library dir [/usr/lib/gcc/aarch64-linux-gnu/5/../../..] ==> [/usr/lib]
  implicit libs: [c]
  implicit dirs: [/usr/lib/gcc/aarch64-linux-gnu/5;/usr/lib/aarch64-linux-gnu;/usr/lib;/lib/aarch64-linux-gnu;/lib]
  implicit fwks: []




Detecting C [-std=c11] compiler features compiled with the following output:
Change Dir: /home/nvidia/feixianxing_ku/eigen3.3.7/build/CMakeFiles/CMakeTmp

Run Build Command:"/usr/bin/make" "cmTC_76843/fast"
/usr/bin/make -f CMakeFiles/cmTC_76843.dir/build.make CMakeFiles/cmTC_76843.dir/build
make[1]: Entering directory '/home/nvidia/feixianxing_ku/eigen3.3.7/build/CMakeFiles/CMakeTmp'
Building C object CMakeFiles/cmTC_76843.dir/feature_tests.c.o
/usr/bin/cc    -std=c11 -o CMakeFiles/cmTC_76843.dir/feature_tests.c.o   -c /home/nvidia/feixianxing_ku/eigen3.3.7/build/CMakeFiles/feature_tests.c
Linking C executable cmTC_76843
/usr/bin/cmake -E cmake_link_script CMakeFiles/cmTC_76843.dir/link.txt --verbose=1
/usr/bin/cc       CMakeFiles/cmTC_76843.dir/feature_tests.c.o  -o cmTC_76843 -rdynamic 
make[1]: Leaving directory '/home/nvidia/feixianxing_ku/eigen3.3.7/build/CMakeFiles/CMakeTmp'


    Feature record: C_FEATURE:1c_function_prototypes
    Feature record: C_FEATURE:1c_restrict
    Feature record: C_FEATURE:1c_static_assert
    Feature record: C_FEATURE:1c_variadic_macros


Detecting C [-std=c99] compiler features compiled with the following output:
Change Dir: /home/nvidia/feixianxing_ku/eigen3.3.7/build/CMakeFiles/CMakeTmp

Run Build Command:"/usr/bin/make" "cmTC_58bec/fast"
/usr/bin/make -f CMakeFiles/cmTC_58bec.dir/build.make CMakeFiles/cmTC_58bec.dir/build
make[1]: Entering directory '/home/nvidia/feixianxing_ku/eigen3.3.7/build/CMakeFiles/CMakeTmp'
Building C object CMakeFiles/cmTC_58bec.dir/feature_tests.c.o
/usr/bin/cc    -std=c99 -o CMakeFiles/cmTC_58bec.dir/feature_tests.c.o   -c /home/nvidia/feixianxing_ku/eigen3.3.7/build/CMakeFiles/feature_tests.c
Linking C executable cmTC_58bec
/usr/bin/cmake -E cmake_link_script CMakeFiles/cmTC_58bec.dir/link.txt --verbose=1
/usr/bin/cc       CMakeFiles/cmTC_58bec.dir/feature_tests.c.o  -o cmTC_58bec -rdynamic 
make[1]: Leaving directory '/home/nvidia/feixianxing_ku/eigen3.3.7/build/CMakeFiles/CMakeTmp'


    Feature record: C_FEATURE:1c_function_prototypes
    Feature record: C_FEATURE:1c_restrict
    Feature record: C_FEATURE:0c_static_assert
    Feature record: C_FEATURE:1c_variadic_macros


Detecting C [-std=c90] compiler features compiled with the following output:
Change Dir: /home/nvidia/feixianxing_ku/eigen3.3.7/build/CMakeFiles/CMakeTmp

Run Build Command:"/usr/bin/make" "cmTC_ae3dd/fast"
/usr/bin/make -f CMakeFiles/cmTC_ae3dd.dir/build.make CMakeFiles/cmTC_ae3dd.dir/build
make[1]: Entering directory '/home/nvidia/feixianxing_ku/eigen3.3.7/build/CMakeFiles/CMakeTmp'
Building C object CMakeFiles/cmTC_ae3dd.dir/feature_tests.c.o
/usr/bin/cc    -std=c90 -o CMakeFiles/cmTC_ae3dd.dir/feature_tests.c.o   -c /home/nvidia/feixianxing_ku/eigen3.3.7/build/CMakeFiles/feature_tests.c
Linking C executable cmTC_ae3dd
/usr/bin/cmake -E cmake_link_script CMakeFiles/cmTC_ae3dd.dir/link.txt --verbose=1
/usr/bin/cc       CMakeFiles/cmTC_ae3dd.dir/feature_tests.c.o  -o cmTC_ae3dd -rdynamic 
make[1]: Leaving directory '/home/nvidia/feixianxing_ku/eigen3.3.7/build/CMakeFiles/CMakeTmp'


    Feature record: C_FEATURE:1c_function_prototypes
    Feature record: C_FEATURE:0c_restrict
    Feature record: C_FEATURE:0c_static_assert
    Feature record: C_FEATURE:0c_variadic_macros
Determining if the CXX compiler works passed with the following output:
Change Dir: /home/nvidia/feixianxing_ku/eigen3.3.7/build/CMakeFiles/CMakeTmp

Run Build Command:"/usr/bin/make" "cmTC_d8aa4/fast"
/usr/bin/make -f CMakeFiles/cmTC_d8aa4.dir/build.make CMakeFiles/cmTC_d8aa4.dir/build
make[1]: Entering directory '/home/nvidia/feixianxing_ku/eigen3.3.7/build/CMakeFiles/CMakeTmp'
Building CXX object CMakeFiles/cmTC_d8aa4.dir/testCXXCompiler.cxx.o
/usr/bin/c++      -o CMakeFiles/cmTC_d8aa4.dir/testCXXCompiler.cxx.o -c /home/nvidia/feixianxing_ku/eigen3.3.7/build/CMakeFiles/CMakeTmp/testCXXCompiler.cxx
Linking CXX executable cmTC_d8aa4
/usr/bin/cmake -E cmake_link_script CMakeFiles/cmTC_d8aa4.dir/link.txt --verbose=1
/usr/bin/c++        CMakeFiles/cmTC_d8aa4.dir/testCXXCompiler.cxx.o  -o cmTC_d8aa4 -rdynamic 
make[1]: Leaving directory '/home/nvidia/feixianxing_ku/eigen3.3.7/build/CMakeFiles/CMakeTmp'


Detecting CXX compiler ABI info compiled with the following output:
Change Dir: /home/nvidia/feixianxing_ku/eigen3.3.7/build/CMakeFiles/CMakeTmp

Run Build Command:"/usr/bin/make" "cmTC_43276/fast"
/usr/bin/make -f CMakeFiles/cmTC_43276.dir/build.make CMakeFiles/cmTC_43276.dir/build
make[1]: Entering directory '/home/nvidia/feixianxing_ku/eigen3.3.7/build/CMakeFiles/CMakeTmp'
Building CXX object CMakeFiles/cmTC_43276.dir/CMakeCXXCompilerABI.cpp.o
/usr/bin/c++      -o CMakeFiles/cmTC_43276.dir/CMakeCXXCompilerABI.cpp.o -c /usr/share/cmake-3.5/Modules/CMakeCXXCompilerABI.cpp
Linking CXX executable cmTC_43276
/usr/bin/cmake -E cmake_link_script CMakeFiles/cmTC_43276.dir/link.txt --verbose=1
/usr/bin/c++       -v CMakeFiles/cmTC_43276.dir/CMakeCXXCompilerABI.cpp.o  -o cmTC_43276 -rdynamic  
Using built-in specs.
COLLECT_GCC=/usr/bin/c++
COLLECT_LTO_WRAPPER=/usr/lib/gcc/aarch64-linux-gnu/5/lto-wrapper
Target: aarch64-linux-gnu
Configured with: ../src/configure -v --with-pkgversion='Ubuntu/Linaro 5.4.0-6ubuntu1~16.04.11' --with-bugurl=file:///usr/share/doc/gcc-5/README.Bugs --enable-languages=c,ada,c++,java,go,d,fortran,objc,obj-c++ --prefix=/usr --program-suffix=-5 --enable-shared --enable-linker-build-id --libexecdir=/usr/lib --without-included-gettext --enable-threads=posix --libdir=/usr/lib --enable-nls --with-sysroot=/ --enable-clocale=gnu --enable-libstdcxx-debug --enable-libstdcxx-time=yes --with-default-libstdcxx-abi=new --enable-gnu-unique-object --disable-libquadmath --enable-plugin --with-system-zlib --disable-browser-plugin --enable-java-awt=gtk --enable-gtk-cairo --with-java-home=/usr/lib/jvm/java-1.5.0-gcj-5-arm64/jre --enable-java-home --with-jvm-root-dir=/usr/lib/jvm/java-1.5.0-gcj-5-arm64 --with-jvm-jar-dir=/usr/lib/jvm-exports/java-1.5.0-gcj-5-arm64 --with-arch-directory=aarch64 --with-ecj-jar=/usr/share/java/eclipse-ecj.jar --enable-multiarch --enable-fix-cortex-a53-843419 --disable-werror --enable-checking=release --build=aarch64-linux-gnu --host=aarch64-linux-gnu --target=aarch64-linux-gnu
Thread model: posix
gcc version 5.4.0 20160609 (Ubuntu/Linaro 5.4.0-6ubuntu1~16.04.11) 
COMPILER_PATH=/usr/lib/gcc/aarch64-linux-gnu/5/:/usr/lib/gcc/aarch64-linux-gnu/5/:/usr/lib/gcc/aarch64-linux-gnu/:/usr/lib/gcc/aarch64-linux-gnu/5/:/usr/lib/gcc/aarch64-linux-gnu/
LIBRARY_PATH=/usr/lib/gcc/aarch64-linux-gnu/5/:/usr/lib/gcc/aarch64-linux-gnu/5/../../../aarch64-linux-gnu/:/usr/lib/gcc/aarch64-linux-gnu/5/../../../../lib/:/lib/aarch64-linux-gnu/:/lib/../lib/:/usr/lib/aarch64-linux-gnu/:/usr/lib/../lib/:/usr/lib/gcc/aarch64-linux-gnu/5/../../../:/lib/:/usr/lib/
COLLECT_GCC_OPTIONS='-v' '-o' 'cmTC_43276' '-rdynamic' '-shared-libgcc' '-mlittle-endian' '-mabi=lp64'
 /usr/lib/gcc/aarch64-linux-gnu/5/collect2 -plugin /usr/lib/gcc/aarch64-linux-gnu/5/liblto_plugin.so -plugin-opt=/usr/lib/gcc/aarch64-linux-gnu/5/lto-wrapper -plugin-opt=-fresolution=/tmp/ccBH8rCK.res -plugin-opt=-pass-through=-lgcc_s -plugin-opt=-pass-through=-lgcc -plugin-opt=-pass-through=-lc -plugin-opt=-pass-through=-lgcc_s -plugin-opt=-pass-through=-lgcc --sysroot=/ --build-id --eh-frame-hdr --hash-style=gnu --as-needed -export-dynamic -dynamic-linker /lib/ld-linux-aarch64.so.1 -X -EL -maarch64linux --fix-cortex-a53-843419 -z relro -o cmTC_43276 /usr/lib/gcc/aarch64-linux-gnu/5/../../../aarch64-linux-gnu/crt1.o /usr/lib/gcc/aarch64-linux-gnu/5/../../../aarch64-linux-gnu/crti.o /usr/lib/gcc/aarch64-linux-gnu/5/crtbegin.o -L/usr/lib/gcc/aarch64-linux-gnu/5 -L/usr/lib/gcc/aarch64-linux-gnu/5/../../../aarch64-linux-gnu -L/usr/lib/gcc/aarch64-linux-gnu/5/../../../../lib -L/lib/aarch64-linux-gnu -L/lib/../lib -L/usr/lib/aarch64-linux-gnu -L/usr/lib/../lib -L/usr/lib/gcc/aarch64-linux-gnu/5/../../.. CMakeFiles/cmTC_43276.dir/CMakeCXXCompilerABI.cpp.o -lstdc++ -lm -lgcc_s -lgcc -lc -lgcc_s -lgcc /usr/lib/gcc/aarch64-linux-gnu/5/crtend.o /usr/lib/gcc/aarch64-linux-gnu/5/../../../aarch64-linux-gnu/crtn.o
make[1]: Leaving directory '/home/nvidia/feixianxing_ku/eigen3.3.7/build/CMakeFiles/CMakeTmp'


Parsed CXX implicit link information from above output:
  link line regex: [^( *|.*[/\])(ld|([^/\]+-)?ld|collect2)[^/\]*( |$)]
  ignore line: [Change Dir: /home/nvidia/feixianxing_ku/eigen3.3.7/build/CMakeFiles/CMakeTmp]
  ignore line: []
  ignore line: [Run Build Command:"/usr/bin/make" "cmTC_43276/fast"]
  ignore line: [/usr/bin/make -f CMakeFiles/cmTC_43276.dir/build.make CMakeFiles/cmTC_43276.dir/build]
  ignore line: [make[1]: Entering directory '/home/nvidia/feixianxing_ku/eigen3.3.7/build/CMakeFiles/CMakeTmp']
  ignore line: [Building CXX object CMakeFiles/cmTC_43276.dir/CMakeCXXCompilerABI.cpp.o]
  ignore line: [/usr/bin/c++      -o CMakeFiles/cmTC_43276.dir/CMakeCXXCompilerABI.cpp.o -c /usr/share/cmake-3.5/Modules/CMakeCXXCompilerABI.cpp]
  ignore line: [Linking CXX executable cmTC_43276]
  ignore line: [/usr/bin/cmake -E cmake_link_script CMakeFiles/cmTC_43276.dir/link.txt --verbose=1]
  ignore line: [/usr/bin/c++       -v CMakeFiles/cmTC_43276.dir/CMakeCXXCompilerABI.cpp.o  -o cmTC_43276 -rdynamic  ]
  ignore line: [Using built-in specs.]
  ignore line: [COLLECT_GCC=/usr/bin/c++]
  ignore line: [COLLECT_LTO_WRAPPER=/usr/lib/gcc/aarch64-linux-gnu/5/lto-wrapper]
  ignore line: [Target: aarch64-linux-gnu]
  ignore line: [Configured with: ../src/configure -v --with-pkgversion='Ubuntu/Linaro 5.4.0-6ubuntu1~16.04.11' --with-bugurl=file:///usr/share/doc/gcc-5/README.Bugs --enable-languages=c,ada,c++,java,go,d,fortran,objc,obj-c++ --prefix=/usr --program-suffix=-5 --enable-shared --enable-linker-build-id --libexecdir=/usr/lib --without-included-gettext --enable-threads=posix --libdir=/usr/lib --enable-nls --with-sysroot=/ --enable-clocale=gnu --enable-libstdcxx-debug --enable-libstdcxx-time=yes --with-default-libstdcxx-abi=new --enable-gnu-unique-object --disable-libquadmath --enable-plugin --with-system-zlib --disable-browser-plugin --enable-java-awt=gtk --enable-gtk-cairo --with-java-home=/usr/lib/jvm/java-1.5.0-gcj-5-arm64/jre --enable-java-home --with-jvm-root-dir=/usr/lib/jvm/java-1.5.0-gcj-5-arm64 --with-jvm-jar-dir=/usr/lib/jvm-exports/java-1.5.0-gcj-5-arm64 --with-arch-directory=aarch64 --with-ecj-jar=/usr/share/java/eclipse-ecj.jar --enable-multiarch --enable-fix-cortex-a53-843419 --disable-werror --enable-checking=release --build=aarch64-linux-gnu --host=aarch64-linux-gnu --target=aarch64-linux-gnu]
  ignore line: [Thread model: posix]
  ignore line: [gcc version 5.4.0 20160609 (Ubuntu/Linaro 5.4.0-6ubuntu1~16.04.11) ]
  ignore line: [COMPILER_PATH=/usr/lib/gcc/aarch64-linux-gnu/5/:/usr/lib/gcc/aarch64-linux-gnu/5/:/usr/lib/gcc/aarch64-linux-gnu/:/usr/lib/gcc/aarch64-linux-gnu/5/:/usr/lib/gcc/aarch64-linux-gnu/]
  ignore line: [LIBRARY_PATH=/usr/lib/gcc/aarch64-linux-gnu/5/:/usr/lib/gcc/aarch64-linux-gnu/5/../../../aarch64-linux-gnu/:/usr/lib/gcc/aarch64-linux-gnu/5/../../../../lib/:/lib/aarch64-linux-gnu/:/lib/../lib/:/usr/lib/aarch64-linux-gnu/:/usr/lib/../lib/:/usr/lib/gcc/aarch64-linux-gnu/5/../../../:/lib/:/usr/lib/]
  ignore line: [COLLECT_GCC_OPTIONS='-v' '-o' 'cmTC_43276' '-rdynamic' '-shared-libgcc' '-mlittle-endian' '-mabi=lp64']
  link line: [ /usr/lib/gcc/aarch64-linux-gnu/5/collect2 -plugin /usr/lib/gcc/aarch64-linux-gnu/5/liblto_plugin.so -plugin-opt=/usr/lib/gcc/aarch64-linux-gnu/5/lto-wrapper -plugin-opt=-fresolution=/tmp/ccBH8rCK.res -plugin-opt=-pass-through=-lgcc_s -plugin-opt=-pass-through=-lgcc -plugin-opt=-pass-through=-lc -plugin-opt=-pass-through=-lgcc_s -plugin-opt=-pass-through=-lgcc --sysroot=/ --build-id --eh-frame-hdr --hash-style=gnu --as-needed -export-dynamic -dynamic-linker /lib/ld-linux-aarch64.so.1 -X -EL -maarch64linux --fix-cortex-a53-843419 -z relro -o cmTC_43276 /usr/lib/gcc/aarch64-linux-gnu/5/../../../aarch64-linux-gnu/crt1.o /usr/lib/gcc/aarch64-linux-gnu/5/../../../aarch64-linux-gnu/crti.o /usr/lib/gcc/aarch64-linux-gnu/5/crtbegin.o -L/usr/lib/gcc/aarch64-linux-gnu/5 -L/usr/lib/gcc/aarch64-linux-gnu/5/../../../aarch64-linux-gnu -L/usr/lib/gcc/aarch64-linux-gnu/5/../../../../lib -L/lib/aarch64-linux-gnu -L/lib/../lib -L/usr/lib/aarch64-linux-gnu -L/usr/lib/../lib -L/usr/lib/gcc/aarch64-linux-gnu/5/../../.. CMakeFiles/cmTC_43276.dir/CMakeCXXCompilerABI.cpp.o -lstdc++ -lm -lgcc_s -lgcc -lc -lgcc_s -lgcc /usr/lib/gcc/aarch64-linux-gnu/5/crtend.o /usr/lib/gcc/aarch64-linux-gnu/5/../../../aarch64-linux-gnu/crtn.o]
    arg [/usr/lib/gcc/aarch64-linux-gnu/5/collect2] ==> ignore
    arg [-plugin] ==> ignore
    arg [/usr/lib/gcc/aarch64-linux-gnu/5/liblto_plugin.so] ==> ignore
    arg [-plugin-opt=/usr/lib/gcc/aarch64-linux-gnu/5/lto-wrapper] ==> ignore
    arg [-plugin-opt=-fresolution=/tmp/ccBH8rCK.res] ==> ignore
    arg [-plugin-opt=-pass-through=-lgcc_s] ==> ignore
    arg [-plugin-opt=-pass-through=-lgcc] ==> ignore
    arg [-plugin-opt=-pass-through=-lc] ==> ignore
    arg [-plugin-opt=-pass-through=-lgcc_s] ==> ignore
    arg [-plugin-opt=-pass-through=-lgcc] ==> ignore
    arg [--sysroot=/] ==> ignore
    arg [--build-id] ==> ignore
    arg [--eh-frame-hdr] ==> ignore
    arg [--hash-style=gnu] ==> ignore
    arg [--as-needed] ==> ignore
    arg [-export-dynamic] ==> ignore
    arg [-dynamic-linker] ==> ignore
    arg [/lib/ld-linux-aarch64.so.1] ==> ignore
    arg [-X] ==> ignore
    arg [-EL] ==> ignore
    arg [-maarch64linux] ==> ignore
    arg [--fix-cortex-a53-843419] ==> ignore
    arg [-zrelro] ==> ignore
    arg [-o] ==> ignore
    arg [cmTC_43276] ==> ignore
    arg [/usr/lib/gcc/aarch64-linux-gnu/5/../../../aarch64-linux-gnu/crt1.o] ==> ignore
    arg [/usr/lib/gcc/aarch64-linux-gnu/5/../../../aarch64-linux-gnu/crti.o] ==> ignore
    arg [/usr/lib/gcc/aarch64-linux-gnu/5/crtbegin.o] ==> ignore
    arg [-L/usr/lib/gcc/aarch64-linux-gnu/5] ==> dir [/usr/lib/gcc/aarch64-linux-gnu/5]
    arg [-L/usr/lib/gcc/aarch64-linux-gnu/5/../../../aarch64-linux-gnu] ==> dir [/usr/lib/gcc/aarch64-linux-gnu/5/../../../aarch64-linux-gnu]
    arg [-L/usr/lib/gcc/aarch64-linux-gnu/5/../../../../lib] ==> dir [/usr/lib/gcc/aarch64-linux-gnu/5/../../../../lib]
    arg [-L/lib/aarch64-linux-gnu] ==> dir [/lib/aarch64-linux-gnu]
    arg [-L/lib/../lib] ==> dir [/lib/../lib]
    arg [-L/usr/lib/aarch64-linux-gnu] ==> dir [/usr/lib/aarch64-linux-gnu]
    arg [-L/usr/lib/../lib] ==> dir [/usr/lib/../lib]
    arg [-L/usr/lib/gcc/aarch64-linux-gnu/5/../../..] ==> dir [/usr/lib/gcc/aarch64-linux-gnu/5/../../..]
    arg [CMakeFiles/cmTC_43276.dir/CMakeCXXCompilerABI.cpp.o] ==> ignore
    arg [-lstdc++] ==> lib [stdc++]
    arg [-lm] ==> lib [m]
    arg [-lgcc_s] ==> lib [gcc_s]
    arg [-lgcc] ==> lib [gcc]
    arg [-lc] ==> lib [c]
    arg [-lgcc_s] ==> lib [gcc_s]
    arg [-lgcc] ==> lib [gcc]
    arg [/usr/lib/gcc/aarch64-linux-gnu/5/crtend.o] ==> ignore
    arg [/usr/lib/gcc/aarch64-linux-gnu/5/../../../aarch64-linux-gnu/crtn.o] ==> ignore
  remove lib [gcc_s]
  remove lib [gcc]
  remove lib [gcc_s]
  remove lib [gcc]
  collapse library dir [/usr/lib/gcc/aarch64-linux-gnu/5] ==> [/usr/lib/gcc/aarch64-linux-gnu/5]
  collapse library dir [/usr/lib/gcc/aarch64-linux-gnu/5/../../../aarch64-linux-gnu] ==> [/usr/lib/aarch64-linux-gnu]
  collapse library dir [/usr/lib/gcc/aarch64-linux-gnu/5/../../../../lib] ==> [/usr/lib]
  collapse library dir [/lib/aarch64-linux-gnu] ==> [/lib/aarch64-linux-gnu]
  collapse library dir [/lib/../lib] ==> [/lib]
  collapse library dir [/usr/lib/aarch64-linux-gnu] ==> [/usr/lib/aarch64-linux-gnu]
  collapse library dir [/usr/lib/../lib] ==> [/usr/lib]
  collapse library dir [/usr/lib/gcc/aarch64-linux-gnu/5/../../..] ==> [/usr/lib]
  implicit libs: [stdc++;m;c]
  implicit dirs: [/usr/lib/gcc/aarch64-linux-gnu/5;/usr/lib/aarch64-linux-gnu;/usr/lib;/lib/aarch64-linux-gnu;/lib]
  implicit fwks: []




Detecting CXX [-std=c++14] compiler features compiled with the following output:
Change Dir: /home/nvidia/feixianxing_ku/eigen3.3.7/build/CMakeFiles/CMakeTmp

Run Build Command:"/usr/bin/make" "cmTC_25207/fast"
/usr/bin/make -f CMakeFiles/cmTC_25207.dir/build.make CMakeFiles/cmTC_25207.dir/build
make[1]: Entering directory '/home/nvidia/feixianxing_ku/eigen3.3.7/build/CMakeFiles/CMakeTmp'
Building CXX object CMakeFiles/cmTC_25207.dir/feature_tests.cxx.o
/usr/bin/c++     -std=c++14 -o CMakeFiles/cmTC_25207.dir/feature_tests.cxx.o -c /home/nvidia/feixianxing_ku/eigen3.3.7/build/CMakeFiles/feature_tests.cxx
Linking CXX executable cmTC_25207
/usr/bin/cmake -E cmake_link_script CMakeFiles/cmTC_25207.dir/link.txt --verbose=1
/usr/bin/c++        CMakeFiles/cmTC_25207.dir/feature_tests.cxx.o  -o cmTC_25207 -rdynamic 
make[1]: Leaving directory '/home/nvidia/feixianxing_ku/eigen3.3.7/build/CMakeFiles/CMakeTmp'


    Feature record: CXX_FEATURE:1cxx_aggregate_default_initializers
    Feature record: CXX_FEATURE:1cxx_alias_templates
    Feature record: CXX_FEATURE:1cxx_alignas
    Feature record: CXX_FEATURE:1cxx_alignof
    Feature record: CXX_FEATURE:1cxx_attributes
    Feature record: CXX_FEATURE:1cxx_attribute_deprecated
    Feature record: CXX_FEATURE:1cxx_auto_type
    Feature record: CXX_FEATURE:1cxx_binary_literals
    Feature record: CXX_FEATURE:1cxx_constexpr
    Feature record: CXX_FEATURE:1cxx_contextual_conversions
    Feature record: CXX_FEATURE:1cxx_decltype
    Feature record: CXX_FEATURE:1cxx_decltype_auto
    Feature record: CXX_FEATURE:1cxx_decltype_incomplete_return_types
    Feature record: CXX_FEATURE:1cxx_default_function_template_args
    Feature record: CXX_FEATURE:1cxx_defaulted_functions
    Feature record: CXX_FEATURE:1cxx_defaulted_move_initializers
    Feature record: CXX_FEATURE:1cxx_delegating_constructors
    Feature record: CXX_FEATURE:1cxx_deleted_functions
    Feature record: CXX_FEATURE:1cxx_digit_separators
    Feature record: CXX_FEATURE:1cxx_enum_forward_declarations
    Feature record: CXX_FEATURE:1cxx_explicit_conversions
    Feature record: CXX_FEATURE:1cxx_extended_friend_declarations
    Feature record: CXX_FEATURE:1cxx_extern_templates
    Feature record: CXX_FEATURE:1cxx_final
    Feature record: CXX_FEATURE:1cxx_func_identifier
    Feature record: CXX_FEATURE:1cxx_generalized_initializers
    Feature record: CXX_FEATURE:1cxx_generic_lambdas
    Feature record: CXX_FEATURE:1cxx_inheriting_constructors
    Feature record: CXX_FEATURE:1cxx_inline_namespaces
    Feature record: CXX_FEATURE:1cxx_lambdas
    Feature record: CXX_FEATURE:1cxx_lambda_init_captures
    Feature record: CXX_FEATURE:1cxx_local_type_template_args
    Feature record: CXX_FEATURE:1cxx_long_long_type
    Feature record: CXX_FEATURE:1cxx_noexcept
    Feature record: CXX_FEATURE:1cxx_nonstatic_member_init
    Feature record: CXX_FEATURE:1cxx_nullptr
    Feature record: CXX_FEATURE:1cxx_override
    Feature record: CXX_FEATURE:1cxx_range_for
    Feature record: CXX_FEATURE:1cxx_raw_string_literals
    Feature record: CXX_FEATURE:1cxx_reference_qualified_functions
    Feature record: CXX_FEATURE:1cxx_relaxed_constexpr
    Feature record: CXX_FEATURE:1cxx_return_type_deduction
    Feature record: CXX_FEATURE:1cxx_right_angle_brackets
    Feature record: CXX_FEATURE:1cxx_rvalue_references
    Feature record: CXX_FEATURE:1cxx_sizeof_member
    Feature record: CXX_FEATURE:1cxx_static_assert
    Feature record: CXX_FEATURE:1cxx_strong_enums
    Feature record: CXX_FEATURE:1cxx_template_template_parameters
    Feature record: CXX_FEATURE:1cxx_thread_local
    Feature record: CXX_FEATURE:1cxx_trailing_return_types
    Feature record: CXX_FEATURE:1cxx_unicode_literals
    Feature record: CXX_FEATURE:1cxx_uniform_initialization
    Feature record: CXX_FEATURE:1cxx_unrestricted_unions
    Feature record: CXX_FEATURE:1cxx_user_literals
    Feature record: CXX_FEATURE:1cxx_variable_templates
    Feature record: CXX_FEATURE:1cxx_variadic_macros
    Feature record: CXX_FEATURE:1cxx_variadic_templates


Detecting CXX [-std=c++11] compiler features compiled with the following output:
Change Dir: /home/nvidia/feixianxing_ku/eigen3.3.7/build/CMakeFiles/CMakeTmp

Run Build Command:"/usr/bin/make" "cmTC_590f4/fast"
/usr/bin/make -f CMakeFiles/cmTC_590f4.dir/build.make CMakeFiles/cmTC_590f4.dir/build
make[1]: Entering directory '/home/nvidia/feixianxing_ku/eigen3.3.7/build/CMakeFiles/CMakeTmp'
Building CXX object CMakeFiles/cmTC_590f4.dir/feature_tests.cxx.o
/usr/bin/c++     -std=c++11 -o CMakeFiles/cmTC_590f4.dir/feature_tests.cxx.o -c /home/nvidia/feixianxing_ku/eigen3.3.7/build/CMakeFiles/feature_tests.cxx
Linking CXX executable cmTC_590f4
/usr/bin/cmake -E cmake_link_script CMakeFiles/cmTC_590f4.dir/link.txt --verbose=1
/usr/bin/c++        CMakeFiles/cmTC_590f4.dir/feature_tests.cxx.o  -o cmTC_590f4 -rdynamic 
make[1]: Leaving directory '/home/nvidia/feixianxing_ku/eigen3.3.7/build/CMakeFiles/CMakeTmp'


    Feature record: CXX_FEATURE:0cxx_aggregate_default_initializers
    Feature record: CXX_FEATURE:1cxx_alias_templates
    Feature record: CXX_FEATURE:1cxx_alignas
    Feature record: CXX_FEATURE:1cxx_alignof
    Feature record: CXX_FEATURE:1cxx_attributes
    Feature record: CXX_FEATURE:0cxx_attribute_deprecated
    Feature record: CXX_FEATURE:1cxx_auto_type
    Feature record: CXX_FEATURE:0cxx_binary_literals
    Feature record: CXX_FEATURE:1cxx_constexpr
    Feature record: CXX_FEATURE:0cxx_contextual_conversions
    Feature record: CXX_FEATURE:1cxx_decltype
    Feature record: CXX_FEATURE:0cxx_decltype_auto
    Feature record: CXX_FEATURE:1cxx_decltype_incomplete_return_types
    Feature record: CXX_FEATURE:1cxx_default_function_template_args
    Feature record: CXX_FEATURE:1cxx_defaulted_functions
    Feature record: CXX_FEATURE:1cxx_defaulted_move_initializers
    Feature record: CXX_FEATURE:1cxx_delegating_constructors
    Feature record: CXX_FEATURE:1cxx_deleted_functions
    Feature record: CXX_FEATURE:0cxx_digit_separators
    Feature record: CXX_FEATURE:1cxx_enum_forward_declarations
    Feature record: CXX_FEATURE:1cxx_explicit_conversions
    Feature record: CXX_FEATURE:1cxx_extended_friend_declarations
    Feature record: CXX_FEATURE:1cxx_extern_templates
    Feature record: CXX_FEATURE:1cxx_final
    Feature record: CXX_FEATURE:1cxx_func_identifier
    Feature record: CXX_FEATURE:1cxx_generalized_initializers
    Feature record: CXX_FEATURE:0cxx_generic_lambdas
    Feature record: CXX_FEATURE:1cxx_inheriting_constructors
    Feature record: CXX_FEATURE:1cxx_inline_namespaces
    Feature record: CXX_FEATURE:1cxx_lambdas
    Feature record: CXX_FEATURE:0cxx_lambda_init_captures
    Feature record: CXX_FEATURE:1cxx_local_type_template_args
    Feature record: CXX_FEATURE:1cxx_long_long_type
    Feature record: CXX_FEATURE:1cxx_noexcept
    Feature record: CXX_FEATURE:1cxx_nonstatic_member_init
    Feature record: CXX_FEATURE:1cxx_nullptr
    Feature record: CXX_FEATURE:1cxx_override
    Feature record: CXX_FEATURE:1cxx_range_for
    Feature record: CXX_FEATURE:1cxx_raw_string_literals
    Feature record: CXX_FEATURE:1cxx_reference_qualified_functions
    Feature record: CXX_FEATURE:0cxx_relaxed_constexpr
    Feature record: CXX_FEATURE:0cxx_return_type_deduction
    Feature record: CXX_FEATURE:1cxx_right_angle_brackets
    Feature record: CXX_FEATURE:1cxx_rvalue_references
    Feature record: CXX_FEATURE:1cxx_sizeof_member
    Feature record: CXX_FEATURE:1cxx_static_assert
    Feature record: CXX_FEATURE:1cxx_strong_enums
    Feature record: CXX_FEATURE:1cxx_template_template_parameters
    Feature record: CXX_FEATURE:1cxx_thread_local
    Feature record: CXX_FEATURE:1cxx_trailing_return_types
    Feature record: CXX_FEATURE:1cxx_unicode_literals
    Feature record: CXX_FEATURE:1cxx_uniform_initialization
    Feature record: CXX_FEATURE:1cxx_unrestricted_unions
    Feature record: CXX_FEATURE:1cxx_user_literals
    Feature record: CXX_FEATURE:0cxx_variable_templates
    Feature record: CXX_FEATURE:1cxx_variadic_macros
    Feature record: CXX_FEATURE:1cxx_variadic_templates


Detecting CXX [-std=c++98] compiler features compiled with the following output:
Change Dir: /home/nvidia/feixianxing_ku/eigen3.3.7/build/CMakeFiles/CMakeTmp

Run Build Command:"/usr/bin/make" "cmTC_ddd6c/fast"
/usr/bin/make -f CMakeFiles/cmTC_ddd6c.dir/build.make CMakeFiles/cmTC_ddd6c.dir/build
make[1]: Entering directory '/home/nvidia/feixianxing_ku/eigen3.3.7/build/CMakeFiles/CMakeTmp'
Building CXX object CMakeFiles/cmTC_ddd6c.dir/feature_tests.cxx.o
/usr/bin/c++     -std=c++98 -o CMakeFiles/cmTC_ddd6c.dir/feature_tests.cxx.o -c /home/nvidia/feixianxing_ku/eigen3.3.7/build/CMakeFiles/feature_tests.cxx
Linking CXX executable cmTC_ddd6c
/usr/bin/cmake -E cmake_link_script CMakeFiles/cmTC_ddd6c.dir/link.txt --verbose=1
/usr/bin/c++        CMakeFiles/cmTC_ddd6c.dir/feature_tests.cxx.o  -o cmTC_ddd6c -rdynamic 
make[1]: Leaving directory '/home/nvidia/feixianxing_ku/eigen3.3.7/build/CMakeFiles/CMakeTmp'


    Feature record: CXX_FEATURE:0cxx_aggregate_default_initializers
    Feature record: CXX_FEATURE:0cxx_alias_templates
    Feature record: CXX_FEATURE:0cxx_alignas
    Feature record: CXX_FEATURE:0cxx_alignof
    Feature record: CXX_FEATURE:0cxx_attributes
    Feature record: CXX_FEATURE:0cxx_attribute_deprecated
    Feature record: CXX_FEATURE:0cxx_auto_type
    Feature record: CXX_FEATURE:0cxx_binary_literals
    Feature record: CXX_FEATURE:0cxx_constexpr
    Feature record: CXX_FEATURE:0cxx_contextual_conversions
    Feature record: CXX_FEATURE:0cxx_decltype
    Feature record: CXX_FEATURE:0cxx_decltype_auto
    Feature record: CXX_FEATURE:0cxx_decltype_incomplete_return_types
    Feature record: CXX_FEATURE:0cxx_default_function_template_args
    Feature record: CXX_FEATURE:0cxx_defaulted_functions
    Feature record: CXX_FEATURE:0cxx_defaulted_move_initializers
    Feature record: CXX_FEATURE:0cxx_delegating_constructors
    Feature record: CXX_FEATURE:0cxx_deleted_functions
    Feature record: CXX_FEATURE:0cxx_digit_separators
    Feature record: CXX_FEATURE:0cxx_enum_forward_declarations
    Feature record: CXX_FEATURE:0cxx_explicit_conversions
    Feature record: CXX_FEATURE:0cxx_extended_friend_declarations
    Feature record: CXX_FEATURE:0cxx_extern_templates
    Feature record: CXX_FEATURE:0cxx_final
    Feature record: CXX_FEATURE:0cxx_func_identifier
    Feature record: CXX_FEATURE:0cxx_generalized_initializers
    Feature record: CXX_FEATURE:0cxx_generic_lambdas
    Feature record: CXX_FEATURE:0cxx_inheriting_constructors
    Feature record: CXX_FEATURE:0cxx_inline_namespaces
    Feature record: CXX_FEATURE:0cxx_lambdas
    Feature record: CXX_FEATURE:0cxx_lambda_init_captures
    Feature record: CXX_FEATURE:0cxx_local_type_template_args
    Feature record: CXX_FEATURE:0cxx_long_long_type
    Feature record: CXX_FEATURE:0cxx_noexcept
    Feature record: CXX_FEATURE:0cxx_nonstatic_member_init
    Feature record: CXX_FEATURE:0cxx_nullptr
    Feature record: CXX_FEATURE:0cxx_override
    Feature record: CXX_FEATURE:0cxx_range_for
    Feature record: CXX_FEATURE:0cxx_raw_string_literals
    Feature record: CXX_FEATURE:0cxx_reference_qualified_functions
    Feature record: CXX_FEATURE:0cxx_relaxed_constexpr
    Feature record: CXX_FEATURE:0cxx_return_type_deduction
    Feature record: CXX_FEATURE:0cxx_right_angle_brackets
    Feature record: CXX_FEATURE:0cxx_rvalue_references
    Feature record: CXX_FEATURE:0cxx_sizeof_member
    Feature record: CXX_FEATURE:0cxx_static_assert
    Feature record: CXX_FEATURE:0cxx_strong_enums
    Feature record: CXX_FEATURE:1cxx_template_template_parameters
    Feature record: CXX_FEATURE:0cxx_thread_local
    Feature record: CXX_FEATURE:0cxx_trailing_return_types
    Feature record: CXX_FEATURE:0cxx_unicode_literals
    Feature record: CXX_FEATURE:0cxx_uniform_initialization
    Feature record: CXX_FEATURE:0cxx_unrestricted_unions
    Feature record: CXX_FEATURE:0cxx_user_literals
    Feature record: CXX_FEATURE:0cxx_variable_templates
    Feature record: CXX_FEATURE:0cxx_variadic_macros
    Feature record: CXX_FEATURE:0cxx_variadic_templates
Performing C++ SOURCE FILE Test EIGEN_COMPILER_SUPPORT_CPP11 succeeded with the following output:
Change Dir: /home/nvidia/feixianxing_ku/eigen3.3.7/build/CMakeFiles/CMakeTmp

Run Build Command:"/usr/bin/make" "cmTC_40b75/fast"
/usr/bin/make -f CMakeFiles/cmTC_40b75.dir/build.make CMakeFiles/cmTC_40b75.dir/build
make[1]: Entering directory '/home/nvidia/feixianxing_ku/eigen3.3.7/build/CMakeFiles/CMakeTmp'
Building CXX object CMakeFiles/cmTC_40b75.dir/src.cxx.o
/usr/bin/c++     -DEIGEN_COMPILER_SUPPORT_CPP11   -std=c++11 -o CMakeFiles/cmTC_40b75.dir/src.cxx.o -c /home/nvidia/feixianxing_ku/eigen3.3.7/build/CMakeFiles/CMakeTmp/src.cxx
Linking CXX executable cmTC_40b75
/usr/bin/cmake -E cmake_link_script CMakeFiles/cmTC_40b75.dir/link.txt --verbose=1
/usr/bin/c++    -DEIGEN_COMPILER_SUPPORT_CPP11    CMakeFiles/cmTC_40b75.dir/src.cxx.o  -o cmTC_40b75 -rdynamic 
make[1]: Leaving directory '/home/nvidia/feixianxing_ku/eigen3.3.7/build/CMakeFiles/CMakeTmp'

Source file was:
int main() { return 0; }
Performing C++ SOURCE FILE Test COMPILER_SUPPORT_std=cpp03 succeeded with the following output:
Change Dir: /home/nvidia/feixianxing_ku/eigen3.3.7/build/CMakeFiles/CMakeTmp

Run Build Command:"/usr/bin/make" "cmTC_8435b/fast"
/usr/bin/make -f CMakeFiles/cmTC_8435b.dir/build.make CMakeFiles/cmTC_8435b.dir/build
make[1]: Entering directory '/home/nvidia/feixianxing_ku/eigen3.3.7/build/CMakeFiles/CMakeTmp'
Building CXX object CMakeFiles/cmTC_8435b.dir/src.cxx.o
/usr/bin/c++     -DCOMPILER_SUPPORT_std=cpp03   -std=c++03 -o CMakeFiles/cmTC_8435b.dir/src.cxx.o -c /home/nvidia/feixianxing_ku/eigen3.3.7/build/CMakeFiles/CMakeTmp/src.cxx
Linking CXX executable cmTC_8435b
/usr/bin/cmake -E cmake_link_script CMakeFiles/cmTC_8435b.dir/link.txt --verbose=1
/usr/bin/c++    -DCOMPILER_SUPPORT_std=cpp03    CMakeFiles/cmTC_8435b.dir/src.cxx.o  -o cmTC_8435b -rdynamic 
make[1]: Leaving directory '/home/nvidia/feixianxing_ku/eigen3.3.7/build/CMakeFiles/CMakeTmp'

Source file was:
int main() { return 0; }
Performing C++ SOURCE FILE Test standard_math_library_linked_to_automatically succeeded with the following output:
Change Dir: /home/nvidia/feixianxing_ku/eigen3.3.7/build/CMakeFiles/CMakeTmp

Run Build Command:"/usr/bin/make" "cmTC_0ed9b/fast"
/usr/bin/make -f CMakeFiles/cmTC_0ed9b.dir/build.make CMakeFiles/cmTC_0ed9b.dir/build
make[1]: Entering directory '/home/nvidia/feixianxing_ku/eigen3.3.7/build/CMakeFiles/CMakeTmp'
Building CXX object CMakeFiles/cmTC_0ed9b.dir/src.cxx.o
/usr/bin/c++     -std=c++03 -Dstandard_math_library_linked_to_automatically   -o CMakeFiles/cmTC_0ed9b.dir/src.cxx.o -c /home/nvidia/feixianxing_ku/eigen3.3.7/build/CMakeFiles/CMakeTmp/src.cxx
Linking CXX executable cmTC_0ed9b
/usr/bin/cmake -E cmake_link_script CMakeFiles/cmTC_0ed9b.dir/link.txt --verbose=1
/usr/bin/c++    -std=c++03 -Dstandard_math_library_linked_to_automatically    CMakeFiles/cmTC_0ed9b.dir/src.cxx.o  -o cmTC_0ed9b -rdynamic 
make[1]: Leaving directory '/home/nvidia/feixianxing_ku/eigen3.3.7/build/CMakeFiles/CMakeTmp'

Source file was:
#include<cmath>
int main() { std::sin(0.0); std::log(0.0f); }
Performing C++ SOURCE FILE Test COMPILER_SUPPORT_WERROR succeeded with the following output:
Change Dir: /home/nvidia/feixianxing_ku/eigen3.3.7/build/CMakeFiles/CMakeTmp

Run Build Command:"/usr/bin/make" "cmTC_89cab/fast"
/usr/bin/make -f CMakeFiles/cmTC_89cab.dir/build.make CMakeFiles/cmTC_89cab.dir/build
make[1]: Entering directory '/home/nvidia/feixianxing_ku/eigen3.3.7/build/CMakeFiles/CMakeTmp'
Building CXX object CMakeFiles/cmTC_89cab.dir/src.cxx.o
/usr/bin/c++     -std=c++03 -DCOMPILER_SUPPORT_WERROR   -Werror -o CMakeFiles/cmTC_89cab.dir/src.cxx.o -c /home/nvidia/feixianxing_ku/eigen3.3.7/build/CMakeFiles/CMakeTmp/src.cxx
Linking CXX executable cmTC_89cab
/usr/bin/cmake -E cmake_link_script CMakeFiles/cmTC_89cab.dir/link.txt --verbose=1
/usr/bin/c++    -std=c++03 -DCOMPILER_SUPPORT_WERROR    CMakeFiles/cmTC_89cab.dir/src.cxx.o  -o cmTC_89cab -rdynamic 
make[1]: Leaving directory '/home/nvidia/feixianxing_ku/eigen3.3.7/build/CMakeFiles/CMakeTmp'

Source file was:
int main() { return 0; }
Performing C++ SOURCE FILE Test COMPILER_SUPPORT_pedantic succeeded with the following output:
Change Dir: /home/nvidia/feixianxing_ku/eigen3.3.7/build/CMakeFiles/CMakeTmp

Run Build Command:"/usr/bin/make" "cmTC_6f8cb/fast"
/usr/bin/make -f CMakeFiles/cmTC_6f8cb.dir/build.make CMakeFiles/cmTC_6f8cb.dir/build
make[1]: Entering directory '/home/nvidia/feixianxing_ku/eigen3.3.7/build/CMakeFiles/CMakeTmp'
Building CXX object CMakeFiles/cmTC_6f8cb.dir/src.cxx.o
/usr/bin/c++     -std=c++03 -DCOMPILER_SUPPORT_pedantic -Werror   -pedantic -o CMakeFiles/cmTC_6f8cb.dir/src.cxx.o -c /home/nvidia/feixianxing_ku/eigen3.3.7/build/CMakeFiles/CMakeTmp/src.cxx
Linking CXX executable cmTC_6f8cb
/usr/bin/cmake -E cmake_link_script CMakeFiles/cmTC_6f8cb.dir/link.txt --verbose=1
/usr/bin/c++    -std=c++03 -DCOMPILER_SUPPORT_pedantic -Werror    CMakeFiles/cmTC_6f8cb.dir/src.cxx.o  -o cmTC_6f8cb -rdynamic 
make[1]: Leaving directory '/home/nvidia/feixianxing_ku/eigen3.3.7/build/CMakeFiles/CMakeTmp'

Source file was:
int main() { return 0; }
Performing C++ SOURCE FILE Test COMPILER_SUPPORT_Wall succeeded with the following output:
Change Dir: /home/nvidia/feixianxing_ku/eigen3.3.7/build/CMakeFiles/CMakeTmp

Run Build Command:"/usr/bin/make" "cmTC_1f65c/fast"
/usr/bin/make -f CMakeFiles/cmTC_1f65c.dir/build.make CMakeFiles/cmTC_1f65c.dir/build
make[1]: Entering directory '/home/nvidia/feixianxing_ku/eigen3.3.7/build/CMakeFiles/CMakeTmp'
Building CXX object CMakeFiles/cmTC_1f65c.dir/src.cxx.o
/usr/bin/c++     -std=c++03 -pedantic -DCOMPILER_SUPPORT_Wall -Werror   -Wall -o CMakeFiles/cmTC_1f65c.dir/src.cxx.o -c /home/nvidia/feixianxing_ku/eigen3.3.7/build/CMakeFiles/CMakeTmp/src.cxx
Linking CXX executable cmTC_1f65c
/usr/bin/cmake -E cmake_link_script CMakeFiles/cmTC_1f65c.dir/link.txt --verbose=1
/usr/bin/c++    -std=c++03 -pedantic -DCOMPILER_SUPPORT_Wall -Werror    CMakeFiles/cmTC_1f65c.dir/src.cxx.o  -o cmTC_1f65c -rdynamic 
make[1]: Leaving directory '/home/nvidia/feixianxing_ku/eigen3.3.7/build/CMakeFiles/CMakeTmp'

Source file was:
int main() { return 0; }
Performing C++ SOURCE FILE Test COMPILER_SUPPORT_Wextra succeeded with the following output:
Change Dir: /home/nvidia/feixianxing_ku/eigen3.3.7/build/CMakeFiles/CMakeTmp

Run Build Command:"/usr/bin/make" "cmTC_a2cc4/fast"
/usr/bin/make -f CMakeFiles/cmTC_a2cc4.dir/build.make CMakeFiles/cmTC_a2cc4.dir/build
make[1]: Entering directory '/home/nvidia/feixianxing_ku/eigen3.3.7/build/CMakeFiles/CMakeTmp'
Building CXX object CMakeFiles/cmTC_a2cc4.dir/src.cxx.o
/usr/bin/c++     -std=c++03 -pedantic -Wall -DCOMPILER_SUPPORT_Wextra -Werror   -Wextra -o CMakeFiles/cmTC_a2cc4.dir/src.cxx.o -c /home/nvidia/feixianxing_ku/eigen3.3.7/build/CMakeFiles/CMakeTmp/src.cxx
Linking CXX executable cmTC_a2cc4
/usr/bin/cmake -E cmake_link_script CMakeFiles/cmTC_a2cc4.dir/link.txt --verbose=1
/usr/bin/c++    -std=c++03 -pedantic -Wall -DCOMPILER_SUPPORT_Wextra -Werror    CMakeFiles/cmTC_a2cc4.dir/src.cxx.o  -o cmTC_a2cc4 -rdynamic 
make[1]: Leaving directory '/home/nvidia/feixianxing_ku/eigen3.3.7/build/CMakeFiles/CMakeTmp'

Source file was:
int main() { return 0; }
Performing C++ SOURCE FILE Test COMPILER_SUPPORT_Wundef succeeded with the following output:
Change Dir: /home/nvidia/feixianxing_ku/eigen3.3.7/build/CMakeFiles/CMakeTmp

Run Build Command:"/usr/bin/make" "cmTC_04466/fast"
/usr/bin/make -f CMakeFiles/cmTC_04466.dir/build.make CMakeFiles/cmTC_04466.dir/build
make[1]: Entering directory '/home/nvidia/feixianxing_ku/eigen3.3.7/build/CMakeFiles/CMakeTmp'
Building CXX object CMakeFiles/cmTC_04466.dir/src.cxx.o
/usr/bin/c++     -std=c++03 -pedantic -Wall -Wextra -DCOMPILER_SUPPORT_Wundef -Werror   -Wundef -o CMakeFiles/cmTC_04466.dir/src.cxx.o -c /home/nvidia/feixianxing_ku/eigen3.3.7/build/CMakeFiles/CMakeTmp/src.cxx
Linking CXX executable cmTC_04466
/usr/bin/cmake -E cmake_link_script CMakeFiles/cmTC_04466.dir/link.txt --verbose=1
/usr/bin/c++    -std=c++03 -pedantic -Wall -Wextra -DCOMPILER_SUPPORT_Wundef -Werror    CMakeFiles/cmTC_04466.dir/src.cxx.o  -o cmTC_04466 -rdynamic 
make[1]: Leaving directory '/home/nvidia/feixianxing_ku/eigen3.3.7/build/CMakeFiles/CMakeTmp'

Source file was:
int main() { return 0; }
Performing C++ SOURCE FILE Test COMPILER_SUPPORT_Wcastalign succeeded with the following output:
Change Dir: /home/nvidia/feixianxing_ku/eigen3.3.7/build/CMakeFiles/CMakeTmp

Run Build Command:"/usr/bin/make" "cmTC_225e4/fast"
/usr/bin/make -f CMakeFiles/cmTC_225e4.dir/build.make CMakeFiles/cmTC_225e4.dir/build
make[1]: Entering directory '/home/nvidia/feixianxing_ku/eigen3.3.7/build/CMakeFiles/CMakeTmp'
Building CXX object CMakeFiles/cmTC_225e4.dir/src.cxx.o
/usr/bin/c++     -std=c++03 -pedantic -Wall -Wextra -Wundef -DCOMPILER_SUPPORT_Wcastalign -Werror   -Wcast-align -o CMakeFiles/cmTC_225e4.dir/src.cxx.o -c /home/nvidia/feixianxing_ku/eigen3.3.7/build/CMakeFiles/CMakeTmp/src.cxx
Linking CXX executable cmTC_225e4
/usr/bin/cmake -E cmake_link_script CMakeFiles/cmTC_225e4.dir/link.txt --verbose=1
/usr/bin/c++    -std=c++03 -pedantic -Wall -Wextra -Wundef -DCOMPILER_SUPPORT_Wcastalign -Werror    CMakeFiles/cmTC_225e4.dir/src.cxx.o  -o cmTC_225e4 -rdynamic 
make[1]: Leaving directory '/home/nvidia/feixianxing_ku/eigen3.3.7/build/CMakeFiles/CMakeTmp'

Source file was:
int main() { return 0; }
Performing C++ SOURCE FILE Test COMPILER_SUPPORT_Wcharsubscripts succeeded with the following output:
Change Dir: /home/nvidia/feixianxing_ku/eigen3.3.7/build/CMakeFiles/CMakeTmp

Run Build Command:"/usr/bin/make" "cmTC_5f39c/fast"
/usr/bin/make -f CMakeFiles/cmTC_5f39c.dir/build.make CMakeFiles/cmTC_5f39c.dir/build
make[1]: Entering directory '/home/nvidia/feixianxing_ku/eigen3.3.7/build/CMakeFiles/CMakeTmp'
Building CXX object CMakeFiles/cmTC_5f39c.dir/src.cxx.o
/usr/bin/c++     -std=c++03 -pedantic -Wall -Wextra -Wundef -Wcast-align -DCOMPILER_SUPPORT_Wcharsubscripts -Werror   -Wchar-subscripts -o CMakeFiles/cmTC_5f39c.dir/src.cxx.o -c /home/nvidia/feixianxing_ku/eigen3.3.7/build/CMakeFiles/CMakeTmp/src.cxx
Linking CXX executable cmTC_5f39c
/usr/bin/cmake -E cmake_link_script CMakeFiles/cmTC_5f39c.dir/link.txt --verbose=1
/usr/bin/c++    -std=c++03 -pedantic -Wall -Wextra -Wundef -Wcast-align -DCOMPILER_SUPPORT_Wcharsubscripts -Werror    CMakeFiles/cmTC_5f39c.dir/src.cxx.o  -o cmTC_5f39c -rdynamic 
make[1]: Leaving directory '/home/nvidia/feixianxing_ku/eigen3.3.7/build/CMakeFiles/CMakeTmp'

Source file was:
int main() { return 0; }
Performing C++ SOURCE FILE Test COMPILER_SUPPORT_Wnonvirtualdtor succeeded with the following output:
Change Dir: /home/nvidia/feixianxing_ku/eigen3.3.7/build/CMakeFiles/CMakeTmp

Run Build Command:"/usr/bin/make" "cmTC_1c9e1/fast"
/usr/bin/make -f CMakeFiles/cmTC_1c9e1.dir/build.make CMakeFiles/cmTC_1c9e1.dir/build
make[1]: Entering directory '/home/nvidia/feixianxing_ku/eigen3.3.7/build/CMakeFiles/CMakeTmp'
Building CXX object CMakeFiles/cmTC_1c9e1.dir/src.cxx.o
/usr/bin/c++     -std=c++03 -pedantic -Wall -Wextra -Wundef -Wcast-align -Wchar-subscripts -DCOMPILER_SUPPORT_Wnonvirtualdtor -Werror   -Wnon-virtual-dtor -o CMakeFiles/cmTC_1c9e1.dir/src.cxx.o -c /home/nvidia/feixianxing_ku/eigen3.3.7/build/CMakeFiles/CMakeTmp/src.cxx
Linking CXX executable cmTC_1c9e1
/usr/bin/cmake -E cmake_link_script CMakeFiles/cmTC_1c9e1.dir/link.txt --verbose=1
/usr/bin/c++    -std=c++03 -pedantic -Wall -Wextra -Wundef -Wcast-align -Wchar-subscripts -DCOMPILER_SUPPORT_Wnonvirtualdtor -Werror    CMakeFiles/cmTC_1c9e1.dir/src.cxx.o  -o cmTC_1c9e1 -rdynamic 
make[1]: Leaving directory '/home/nvidia/feixianxing_ku/eigen3.3.7/build/CMakeFiles/CMakeTmp'

Source file was:
int main() { return 0; }
Performing C++ SOURCE FILE Test COMPILER_SUPPORT_Wunusedlocaltypedefs succeeded with the following output:
Change Dir: /home/nvidia/feixianxing_ku/eigen3.3.7/build/CMakeFiles/CMakeTmp

Run Build Command:"/usr/bin/make" "cmTC_73172/fast"
/usr/bin/make -f CMakeFiles/cmTC_73172.dir/build.make CMakeFiles/cmTC_73172.dir/build
make[1]: Entering directory '/home/nvidia/feixianxing_ku/eigen3.3.7/build/CMakeFiles/CMakeTmp'
Building CXX object CMakeFiles/cmTC_73172.dir/src.cxx.o
/usr/bin/c++     -std=c++03 -pedantic -Wall -Wextra -Wundef -Wcast-align -Wchar-subscripts -Wnon-virtual-dtor -DCOMPILER_SUPPORT_Wunusedlocaltypedefs -Werror   -Wunused-local-typedefs -o CMakeFiles/cmTC_73172.dir/src.cxx.o -c /home/nvidia/feixianxing_ku/eigen3.3.7/build/CMakeFiles/CMakeTmp/src.cxx
Linking CXX executable cmTC_73172
/usr/bin/cmake -E cmake_link_script CMakeFiles/cmTC_73172.dir/link.txt --verbose=1
/usr/bin/c++    -std=c++03 -pedantic -Wall -Wextra -Wundef -Wcast-align -Wchar-subscripts -Wnon-virtual-dtor -DCOMPILER_SUPPORT_Wunusedlocaltypedefs -Werror    CMakeFiles/cmTC_73172.dir/src.cxx.o  -o cmTC_73172 -rdynamic 
make[1]: Leaving directory '/home/nvidia/feixianxing_ku/eigen3.3.7/build/CMakeFiles/CMakeTmp'

Source file was:
int main() { return 0; }
Performing C++ SOURCE FILE Test COMPILER_SUPPORT_Wpointerarith succeeded with the following output:
Change Dir: /home/nvidia/feixianxing_ku/eigen3.3.7/build/CMakeFiles/CMakeTmp

Run Build Command:"/usr/bin/make" "cmTC_2a654/fast"
/usr/bin/make -f CMakeFiles/cmTC_2a654.dir/build.make CMakeFiles/cmTC_2a654.dir/build
make[1]: Entering directory '/home/nvidia/feixianxing_ku/eigen3.3.7/build/CMakeFiles/CMakeTmp'
Building CXX object CMakeFiles/cmTC_2a654.dir/src.cxx.o
/usr/bin/c++     -std=c++03 -pedantic -Wall -Wextra -Wundef -Wcast-align -Wchar-subscripts -Wnon-virtual-dtor -Wunused-local-typedefs -DCOMPILER_SUPPORT_Wpointerarith -Werror   -Wpointer-arith -o CMakeFiles/cmTC_2a654.dir/src.cxx.o -c /home/nvidia/feixianxing_ku/eigen3.3.7/build/CMakeFiles/CMakeTmp/src.cxx
Linking CXX executable cmTC_2a654
/usr/bin/cmake -E cmake_link_script CMakeFiles/cmTC_2a654.dir/link.txt --verbose=1
/usr/bin/c++    -std=c++03 -pedantic -Wall -Wextra -Wundef -Wcast-align -Wchar-subscripts -Wnon-virtual-dtor -Wunused-local-typedefs -DCOMPILER_SUPPORT_Wpointerarith -Werror    CMakeFiles/cmTC_2a654.dir/src.cxx.o  -o cmTC_2a654 -rdynamic 
make[1]: Leaving directory '/home/nvidia/feixianxing_ku/eigen3.3.7/build/CMakeFiles/CMakeTmp'

Source file was:
int main() { return 0; }
Performing C++ SOURCE FILE Test COMPILER_SUPPORT_Wwritestrings succeeded with the following output:
Change Dir: /home/nvidia/feixianxing_ku/eigen3.3.7/build/CMakeFiles/CMakeTmp

Run Build Command:"/usr/bin/make" "cmTC_cd5b0/fast"
/usr/bin/make -f CMakeFiles/cmTC_cd5b0.dir/build.make CMakeFiles/cmTC_cd5b0.dir/build
make[1]: Entering directory '/home/nvidia/feixianxing_ku/eigen3.3.7/build/CMakeFiles/CMakeTmp'
Building CXX object CMakeFiles/cmTC_cd5b0.dir/src.cxx.o
/usr/bin/c++     -std=c++03 -pedantic -Wall -Wextra -Wundef -Wcast-align -Wchar-subscripts -Wnon-virtual-dtor -Wunused-local-typedefs -Wpointer-arith -DCOMPILER_SUPPORT_Wwritestrings -Werror   -Wwrite-strings -o CMakeFiles/cmTC_cd5b0.dir/src.cxx.o -c /home/nvidia/feixianxing_ku/eigen3.3.7/build/CMakeFiles/CMakeTmp/src.cxx
Linking CXX executable cmTC_cd5b0
/usr/bin/cmake -E cmake_link_script CMakeFiles/cmTC_cd5b0.dir/link.txt --verbose=1
/usr/bin/c++    -std=c++03 -pedantic -Wall -Wextra -Wundef -Wcast-align -Wchar-subscripts -Wnon-virtual-dtor -Wunused-local-typedefs -Wpointer-arith -DCOMPILER_SUPPORT_Wwritestrings -Werror    CMakeFiles/cmTC_cd5b0.dir/src.cxx.o  -o cmTC_cd5b0 -rdynamic 
make[1]: Leaving directory '/home/nvidia/feixianxing_ku/eigen3.3.7/build/CMakeFiles/CMakeTmp'

Source file was:
int main() { return 0; }
Performing C++ SOURCE FILE Test COMPILER_SUPPORT_Wformatsecurity succeeded with the following output:
Change Dir: /home/nvidia/feixianxing_ku/eigen3.3.7/build/CMakeFiles/CMakeTmp

Run Build Command:"/usr/bin/make" "cmTC_d497f/fast"
/usr/bin/make -f CMakeFiles/cmTC_d497f.dir/build.make CMakeFiles/cmTC_d497f.dir/build
make[1]: Entering directory '/home/nvidia/feixianxing_ku/eigen3.3.7/build/CMakeFiles/CMakeTmp'
Building CXX object CMakeFiles/cmTC_d497f.dir/src.cxx.o
/usr/bin/c++     -std=c++03 -pedantic -Wall -Wextra -Wundef -Wcast-align -Wchar-subscripts -Wnon-virtual-dtor -Wunused-local-typedefs -Wpointer-arith -Wwrite-strings -DCOMPILER_SUPPORT_Wformatsecurity -Werror   -Wformat-security -o CMakeFiles/cmTC_d497f.dir/src.cxx.o -c /home/nvidia/feixianxing_ku/eigen3.3.7/build/CMakeFiles/CMakeTmp/src.cxx
Linking CXX executable cmTC_d497f
/usr/bin/cmake -E cmake_link_script CMakeFiles/cmTC_d497f.dir/link.txt --verbose=1
/usr/bin/c++    -std=c++03 -pedantic -Wall -Wextra -Wundef -Wcast-align -Wchar-subscripts -Wnon-virtual-dtor -Wunused-local-typedefs -Wpointer-arith -Wwrite-strings -DCOMPILER_SUPPORT_Wformatsecurity -Werror    CMakeFiles/cmTC_d497f.dir/src.cxx.o  -o cmTC_d497f -rdynamic 
make[1]: Leaving directory '/home/nvidia/feixianxing_ku/eigen3.3.7/build/CMakeFiles/CMakeTmp'

Source file was:
int main() { return 0; }
Performing C++ SOURCE FILE Test COMPILER_SUPPORT_Wlogicalop succeeded with the following output:
Change Dir: /home/nvidia/feixianxing_ku/eigen3.3.7/build/CMakeFiles/CMakeTmp

Run Build Command:"/usr/bin/make" "cmTC_071c5/fast"
/usr/bin/make -f CMakeFiles/cmTC_071c5.dir/build.make CMakeFiles/cmTC_071c5.dir/build
make[1]: Entering directory '/home/nvidia/feixianxing_ku/eigen3.3.7/build/CMakeFiles/CMakeTmp'
Building CXX object CMakeFiles/cmTC_071c5.dir/src.cxx.o
/usr/bin/c++     -std=c++03 -pedantic -Wall -Wextra -Wundef -Wcast-align -Wchar-subscripts -Wnon-virtual-dtor -Wunused-local-typedefs -Wpointer-arith -Wwrite-strings -Wformat-security -DCOMPILER_SUPPORT_Wlogicalop -Werror   -Wlogical-op -o CMakeFiles/cmTC_071c5.dir/src.cxx.o -c /home/nvidia/feixianxing_ku/eigen3.3.7/build/CMakeFiles/CMakeTmp/src.cxx
Linking CXX executable cmTC_071c5
/usr/bin/cmake -E cmake_link_script CMakeFiles/cmTC_071c5.dir/link.txt --verbose=1
/usr/bin/c++    -std=c++03 -pedantic -Wall -Wextra -Wundef -Wcast-align -Wchar-subscripts -Wnon-virtual-dtor -Wunused-local-typedefs -Wpointer-arith -Wwrite-strings -Wformat-security -DCOMPILER_SUPPORT_Wlogicalop -Werror    CMakeFiles/cmTC_071c5.dir/src.cxx.o  -o cmTC_071c5 -rdynamic 
make[1]: Leaving directory '/home/nvidia/feixianxing_ku/eigen3.3.7/build/CMakeFiles/CMakeTmp'

Source file was:
int main() { return 0; }
Performing C++ SOURCE FILE Test COMPILER_SUPPORT_Wdoublepromotion succeeded with the following output:
Change Dir: /home/nvidia/feixianxing_ku/eigen3.3.7/build/CMakeFiles/CMakeTmp

Run Build Command:"/usr/bin/make" "cmTC_38cc8/fast"
/usr/bin/make -f CMakeFiles/cmTC_38cc8.dir/build.make CMakeFiles/cmTC_38cc8.dir/build
make[1]: Entering directory '/home/nvidia/feixianxing_ku/eigen3.3.7/build/CMakeFiles/CMakeTmp'
Building CXX object CMakeFiles/cmTC_38cc8.dir/src.cxx.o
/usr/bin/c++     -std=c++03 -pedantic -Wall -Wextra -Wundef -Wcast-align -Wchar-subscripts -Wnon-virtual-dtor -Wunused-local-typedefs -Wpointer-arith -Wwrite-strings -Wformat-security -Wlogical-op -DCOMPILER_SUPPORT_Wdoublepromotion -Werror   -Wdouble-promotion -o CMakeFiles/cmTC_38cc8.dir/src.cxx.o -c /home/nvidia/feixianxing_ku/eigen3.3.7/build/CMakeFiles/CMakeTmp/src.cxx
Linking CXX executable cmTC_38cc8
/usr/bin/cmake -E cmake_link_script CMakeFiles/cmTC_38cc8.dir/link.txt --verbose=1
/usr/bin/c++    -std=c++03 -pedantic -Wall -Wextra -Wundef -Wcast-align -Wchar-subscripts -Wnon-virtual-dtor -Wunused-local-typedefs -Wpointer-arith -Wwrite-strings -Wformat-security -Wlogical-op -DCOMPILER_SUPPORT_Wdoublepromotion -Werror    CMakeFiles/cmTC_38cc8.dir/src.cxx.o  -o cmTC_38cc8 -rdynamic 
make[1]: Leaving directory '/home/nvidia/feixianxing_ku/eigen3.3.7/build/CMakeFiles/CMakeTmp'

Source file was:
int main() { return 0; }
Performing C++ SOURCE FILE Test COMPILER_SUPPORT_Wnopsabi succeeded with the following output:
Change Dir: /home/nvidia/feixianxing_ku/eigen3.3.7/build/CMakeFiles/CMakeTmp

Run Build Command:"/usr/bin/make" "cmTC_bd145/fast"
/usr/bin/make -f CMakeFiles/cmTC_bd145.dir/build.make CMakeFiles/cmTC_bd145.dir/build
make[1]: Entering directory '/home/nvidia/feixianxing_ku/eigen3.3.7/build/CMakeFiles/CMakeTmp'
Building CXX object CMakeFiles/cmTC_bd145.dir/src.cxx.o
/usr/bin/c++     -std=c++03 -pedantic -Wall -Wextra -Wundef -Wcast-align -Wchar-subscripts -Wnon-virtual-dtor -Wunused-local-typedefs -Wpointer-arith -Wwrite-strings -Wformat-security -Wlogical-op -Wdouble-promotion -DCOMPILER_SUPPORT_Wnopsabi -Werror   -Wno-psabi -o CMakeFiles/cmTC_bd145.dir/src.cxx.o -c /home/nvidia/feixianxing_ku/eigen3.3.7/build/CMakeFiles/CMakeTmp/src.cxx
Linking CXX executable cmTC_bd145
/usr/bin/cmake -E cmake_link_script CMakeFiles/cmTC_bd145.dir/link.txt --verbose=1
/usr/bin/c++    -std=c++03 -pedantic -Wall -Wextra -Wundef -Wcast-align -Wchar-subscripts -Wnon-virtual-dtor -Wunused-local-typedefs -Wpointer-arith -Wwrite-strings -Wformat-security -Wlogical-op -Wdouble-promotion -DCOMPILER_SUPPORT_Wnopsabi -Werror    CMakeFiles/cmTC_bd145.dir/src.cxx.o  -o cmTC_bd145 -rdynamic 
make[1]: Leaving directory '/home/nvidia/feixianxing_ku/eigen3.3.7/build/CMakeFiles/CMakeTmp'

Source file was:
int main() { return 0; }
Performing C++ SOURCE FILE Test COMPILER_SUPPORT_Wnovariadicmacros succeeded with the following output:
Change Dir: /home/nvidia/feixianxing_ku/eigen3.3.7/build/CMakeFiles/CMakeTmp

Run Build Command:"/usr/bin/make" "cmTC_e43bd/fast"
/usr/bin/make -f CMakeFiles/cmTC_e43bd.dir/build.make CMakeFiles/cmTC_e43bd.dir/build
make[1]: Entering directory '/home/nvidia/feixianxing_ku/eigen3.3.7/build/CMakeFiles/CMakeTmp'
Building CXX object CMakeFiles/cmTC_e43bd.dir/src.cxx.o
/usr/bin/c++     -std=c++03 -pedantic -Wall -Wextra -Wundef -Wcast-align -Wchar-subscripts -Wnon-virtual-dtor -Wunused-local-typedefs -Wpointer-arith -Wwrite-strings -Wformat-security -Wlogical-op -Wdouble-promotion -Wno-psabi -DCOMPILER_SUPPORT_Wnovariadicmacros -Werror   -Wno-variadic-macros -o CMakeFiles/cmTC_e43bd.dir/src.cxx.o -c /home/nvidia/feixianxing_ku/eigen3.3.7/build/CMakeFiles/CMakeTmp/src.cxx
Linking CXX executable cmTC_e43bd
/usr/bin/cmake -E cmake_link_script CMakeFiles/cmTC_e43bd.dir/link.txt --verbose=1
/usr/bin/c++    -std=c++03 -pedantic -Wall -Wextra -Wundef -Wcast-align -Wchar-subscripts -Wnon-virtual-dtor -Wunused-local-typedefs -Wpointer-arith -Wwrite-strings -Wformat-security -Wlogical-op -Wdouble-promotion -Wno-psabi -DCOMPILER_SUPPORT_Wnovariadicmacros -Werror    CMakeFiles/cmTC_e43bd.dir/src.cxx.o  -o cmTC_e43bd -rdynamic 
make[1]: Leaving directory '/home/nvidia/feixianxing_ku/eigen3.3.7/build/CMakeFiles/CMakeTmp'

Source file was:
int main() { return 0; }
Performing C++ SOURCE FILE Test COMPILER_SUPPORT_Wnolonglong succeeded with the following output:
Change Dir: /home/nvidia/feixianxing_ku/eigen3.3.7/build/CMakeFiles/CMakeTmp

Run Build Command:"/usr/bin/make" "cmTC_e832a/fast"
/usr/bin/make -f CMakeFiles/cmTC_e832a.dir/build.make CMakeFiles/cmTC_e832a.dir/build
make[1]: Entering directory '/home/nvidia/feixianxing_ku/eigen3.3.7/build/CMakeFiles/CMakeTmp'
Building CXX object CMakeFiles/cmTC_e832a.dir/src.cxx.o
/usr/bin/c++     -std=c++03 -pedantic -Wall -Wextra -Wundef -Wcast-align -Wchar-subscripts -Wnon-virtual-dtor -Wunused-local-typedefs -Wpointer-arith -Wwrite-strings -Wformat-security -Wlogical-op -Wdouble-promotion -Wno-psabi -Wno-variadic-macros -DCOMPILER_SUPPORT_Wnolonglong -Werror   -Wno-long-long -o CMakeFiles/cmTC_e832a.dir/src.cxx.o -c /home/nvidia/feixianxing_ku/eigen3.3.7/build/CMakeFiles/CMakeTmp/src.cxx
Linking CXX executable cmTC_e832a
/usr/bin/cmake -E cmake_link_script CMakeFiles/cmTC_e832a.dir/link.txt --verbose=1
/usr/bin/c++    -std=c++03 -pedantic -Wall -Wextra -Wundef -Wcast-align -Wchar-subscripts -Wnon-virtual-dtor -Wunused-local-typedefs -Wpointer-arith -Wwrite-strings -Wformat-security -Wlogical-op -Wdouble-promotion -Wno-psabi -Wno-variadic-macros -DCOMPILER_SUPPORT_Wnolonglong -Werror    CMakeFiles/cmTC_e832a.dir/src.cxx.o  -o cmTC_e832a -rdynamic 
make[1]: Leaving directory '/home/nvidia/feixianxing_ku/eigen3.3.7/build/CMakeFiles/CMakeTmp'

Source file was:
int main() { return 0; }
Performing C++ SOURCE FILE Test COMPILER_SUPPORT_fnochecknew succeeded with the following output:
Change Dir: /home/nvidia/feixianxing_ku/eigen3.3.7/build/CMakeFiles/CMakeTmp

Run Build Command:"/usr/bin/make" "cmTC_50b66/fast"
/usr/bin/make -f CMakeFiles/cmTC_50b66.dir/build.make CMakeFiles/cmTC_50b66.dir/build
make[1]: Entering directory '/home/nvidia/feixianxing_ku/eigen3.3.7/build/CMakeFiles/CMakeTmp'
Building CXX object CMakeFiles/cmTC_50b66.dir/src.cxx.o
/usr/bin/c++     -std=c++03 -pedantic -Wall -Wextra -Wundef -Wcast-align -Wchar-subscripts -Wnon-virtual-dtor -Wunused-local-typedefs -Wpointer-arith -Wwrite-strings -Wformat-security -Wlogical-op -Wdouble-promotion -Wno-psabi -Wno-variadic-macros -Wno-long-long -DCOMPILER_SUPPORT_fnochecknew -Werror   -fno-check-new -o CMakeFiles/cmTC_50b66.dir/src.cxx.o -c /home/nvidia/feixianxing_ku/eigen3.3.7/build/CMakeFiles/CMakeTmp/src.cxx
Linking CXX executable cmTC_50b66
/usr/bin/cmake -E cmake_link_script CMakeFiles/cmTC_50b66.dir/link.txt --verbose=1
/usr/bin/c++    -std=c++03 -pedantic -Wall -Wextra -Wundef -Wcast-align -Wchar-subscripts -Wnon-virtual-dtor -Wunused-local-typedefs -Wpointer-arith -Wwrite-strings -Wformat-security -Wlogical-op -Wdouble-promotion -Wno-psabi -Wno-variadic-macros -Wno-long-long -DCOMPILER_SUPPORT_fnochecknew -Werror    CMakeFiles/cmTC_50b66.dir/src.cxx.o  -o cmTC_50b66 -rdynamic 
make[1]: Leaving directory '/home/nvidia/feixianxing_ku/eigen3.3.7/build/CMakeFiles/CMakeTmp'

Source file was:
int main() { return 0; }
Performing C++ SOURCE FILE Test COMPILER_SUPPORT_fnocommon succeeded with the following output:
Change Dir: /home/nvidia/feixianxing_ku/eigen3.3.7/build/CMakeFiles/CMakeTmp

Run Build Command:"/usr/bin/make" "cmTC_b001f/fast"
/usr/bin/make -f CMakeFiles/cmTC_b001f.dir/build.make CMakeFiles/cmTC_b001f.dir/build
make[1]: Entering directory '/home/nvidia/feixianxing_ku/eigen3.3.7/build/CMakeFiles/CMakeTmp'
Building CXX object CMakeFiles/cmTC_b001f.dir/src.cxx.o
/usr/bin/c++     -std=c++03 -pedantic -Wall -Wextra -Wundef -Wcast-align -Wchar-subscripts -Wnon-virtual-dtor -Wunused-local-typedefs -Wpointer-arith -Wwrite-strings -Wformat-security -Wlogical-op -Wdouble-promotion -Wno-psabi -Wno-variadic-macros -Wno-long-long -fno-check-new -DCOMPILER_SUPPORT_fnocommon -Werror   -fno-common -o CMakeFiles/cmTC_b001f.dir/src.cxx.o -c /home/nvidia/feixianxing_ku/eigen3.3.7/build/CMakeFiles/CMakeTmp/src.cxx
Linking CXX executable cmTC_b001f
/usr/bin/cmake -E cmake_link_script CMakeFiles/cmTC_b001f.dir/link.txt --verbose=1
/usr/bin/c++    -std=c++03 -pedantic -Wall -Wextra -Wundef -Wcast-align -Wchar-subscripts -Wnon-virtual-dtor -Wunused-local-typedefs -Wpointer-arith -Wwrite-strings -Wformat-security -Wlogical-op -Wdouble-promotion -Wno-psabi -Wno-variadic-macros -Wno-long-long -fno-check-new -DCOMPILER_SUPPORT_fnocommon -Werror    CMakeFiles/cmTC_b001f.dir/src.cxx.o  -o cmTC_b001f -rdynamic 
make[1]: Leaving directory '/home/nvidia/feixianxing_ku/eigen3.3.7/build/CMakeFiles/CMakeTmp'

Source file was:
int main() { return 0; }
Performing C++ SOURCE FILE Test COMPILER_SUPPORT_fstrictaliasing succeeded with the following output:
Change Dir: /home/nvidia/feixianxing_ku/eigen3.3.7/build/CMakeFiles/CMakeTmp

Run Build Command:"/usr/bin/make" "cmTC_7ee9d/fast"
/usr/bin/make -f CMakeFiles/cmTC_7ee9d.dir/build.make CMakeFiles/cmTC_7ee9d.dir/build
make[1]: Entering directory '/home/nvidia/feixianxing_ku/eigen3.3.7/build/CMakeFiles/CMakeTmp'
Building CXX object CMakeFiles/cmTC_7ee9d.dir/src.cxx.o
/usr/bin/c++     -std=c++03 -pedantic -Wall -Wextra -Wundef -Wcast-align -Wchar-subscripts -Wnon-virtual-dtor -Wunused-local-typedefs -Wpointer-arith -Wwrite-strings -Wformat-security -Wlogical-op -Wdouble-promotion -Wno-psabi -Wno-variadic-macros -Wno-long-long -fno-check-new -fno-common -DCOMPILER_SUPPORT_fstrictaliasing -Werror   -fstrict-aliasing -o CMakeFiles/cmTC_7ee9d.dir/src.cxx.o -c /home/nvidia/feixianxing_ku/eigen3.3.7/build/CMakeFiles/CMakeTmp/src.cxx
Linking CXX executable cmTC_7ee9d
/usr/bin/cmake -E cmake_link_script CMakeFiles/cmTC_7ee9d.dir/link.txt --verbose=1
/usr/bin/c++    -std=c++03 -pedantic -Wall -Wextra -Wundef -Wcast-align -Wchar-subscripts -Wnon-virtual-dtor -Wunused-local-typedefs -Wpointer-arith -Wwrite-strings -Wformat-security -Wlogical-op -Wdouble-promotion -Wno-psabi -Wno-variadic-macros -Wno-long-long -fno-check-new -fno-common -DCOMPILER_SUPPORT_fstrictaliasing -Werror    CMakeFiles/cmTC_7ee9d.dir/src.cxx.o  -o cmTC_7ee9d -rdynamic 
make[1]: Leaving directory '/home/nvidia/feixianxing_ku/eigen3.3.7/build/CMakeFiles/CMakeTmp'

Source file was:
int main() { return 0; }
Performing C++ SOURCE FILE Test COMPILER_SUPPORT_ansi succeeded with the following output:
Change Dir: /home/nvidia/feixianxing_ku/eigen3.3.7/build/CMakeFiles/CMakeTmp

Run Build Command:"/usr/bin/make" "cmTC_6fde5/fast"
/usr/bin/make -f CMakeFiles/cmTC_6fde5.dir/build.make CMakeFiles/cmTC_6fde5.dir/build
make[1]: Entering directory '/home/nvidia/feixianxing_ku/eigen3.3.7/build/CMakeFiles/CMakeTmp'
Building CXX object CMakeFiles/cmTC_6fde5.dir/src.cxx.o
/usr/bin/c++     -std=c++03 -pedantic -Wall -Wextra -Wundef -Wcast-align -Wchar-subscripts -Wnon-virtual-dtor -Wunused-local-typedefs -Wpointer-arith -Wwrite-strings -Wformat-security -Wlogical-op -Wdouble-promotion -Wno-psabi -Wno-variadic-macros -Wno-long-long -fno-check-new -fno-common -fstrict-aliasing -DCOMPILER_SUPPORT_ansi -Werror   -ansi -o CMakeFiles/cmTC_6fde5.dir/src.cxx.o -c /home/nvidia/feixianxing_ku/eigen3.3.7/build/CMakeFiles/CMakeTmp/src.cxx
Linking CXX executable cmTC_6fde5
/usr/bin/cmake -E cmake_link_script CMakeFiles/cmTC_6fde5.dir/link.txt --verbose=1
/usr/bin/c++    -std=c++03 -pedantic -Wall -Wextra -Wundef -Wcast-align -Wchar-subscripts -Wnon-virtual-dtor -Wunused-local-typedefs -Wpointer-arith -Wwrite-strings -Wformat-security -Wlogical-op -Wdouble-promotion -Wno-psabi -Wno-variadic-macros -Wno-long-long -fno-check-new -fno-common -fstrict-aliasing -DCOMPILER_SUPPORT_ansi -Werror    CMakeFiles/cmTC_6fde5.dir/src.cxx.o  -o cmTC_6fde5 -rdynamic 
make[1]: Leaving directory '/home/nvidia/feixianxing_ku/eigen3.3.7/build/CMakeFiles/CMakeTmp'

Source file was:
int main() { return 0; }
Performing C++ SOURCE FILE Test COMPILER_SUPPORT_OPENMP succeeded with the following output:
Change Dir: /home/nvidia/feixianxing_ku/eigen3.3.7/build/CMakeFiles/CMakeTmp

Run Build Command:"/usr/bin/make" "cmTC_59470/fast"
/usr/bin/make -f CMakeFiles/cmTC_59470.dir/build.make CMakeFiles/cmTC_59470.dir/build
make[1]: Entering directory '/home/nvidia/feixianxing_ku/eigen3.3.7/build/CMakeFiles/CMakeTmp'
Building CXX object CMakeFiles/cmTC_59470.dir/src.cxx.o
/usr/bin/c++     -std=c++03 -pedantic -Wall -Wextra -Wundef -Wcast-align -Wchar-subscripts -Wnon-virtual-dtor -Wunused-local-typedefs -Wpointer-arith -Wwrite-strings -Wformat-security -Wlogical-op -Wdouble-promotion -Wno-psabi -Wno-variadic-macros -Wno-long-long -fno-check-new -fno-common -fstrict-aliasing -ansi -DCOMPILER_SUPPORT_OPENMP   -fopenmp -o CMakeFiles/cmTC_59470.dir/src.cxx.o -c /home/nvidia/feixianxing_ku/eigen3.3.7/build/CMakeFiles/CMakeTmp/src.cxx
Linking CXX executable cmTC_59470
/usr/bin/cmake -E cmake_link_script CMakeFiles/cmTC_59470.dir/link.txt --verbose=1
/usr/bin/c++    -std=c++03 -pedantic -Wall -Wextra -Wundef -Wcast-align -Wchar-subscripts -Wnon-virtual-dtor -Wunused-local-typedefs -Wpointer-arith -Wwrite-strings -Wformat-security -Wlogical-op -Wdouble-promotion -Wno-psabi -Wno-variadic-macros -Wno-long-long -fno-check-new -fno-common -fstrict-aliasing -ansi -DCOMPILER_SUPPORT_OPENMP    CMakeFiles/cmTC_59470.dir/src.cxx.o  -o cmTC_59470 -rdynamic 
make[1]: Leaving directory '/home/nvidia/feixianxing_ku/eigen3.3.7/build/CMakeFiles/CMakeTmp'

Source file was:
int main() { return 0; }
Determining if the Q_WS_X11 exist passed with the following output:
Change Dir: /home/nvidia/feixianxing_ku/eigen3.3.7/build/CMakeFiles/CMakeTmp

Run Build Command:"/usr/bin/make" "cmTC_9461c/fast"
/usr/bin/make -f CMakeFiles/cmTC_9461c.dir/build.make CMakeFiles/cmTC_9461c.dir/build
make[1]: Entering directory '/home/nvidia/feixianxing_ku/eigen3.3.7/build/CMakeFiles/CMakeTmp'
Building CXX object CMakeFiles/cmTC_9461c.dir/CheckSymbolExists.cxx.o
/usr/bin/c++    -I/usr/include/qt4  -std=c++03 -pedantic -Wall -Wextra -Wundef -Wcast-align -Wchar-subscripts -Wnon-virtual-dtor -Wunused-local-typedefs -Wpointer-arith -Wwrite-strings -Wformat-security -Wlogical-op -Wdouble-promotion -Wno-psabi -Wno-variadic-macros -Wno-long-long -fno-check-new -fno-common -fstrict-aliasing -ansi -O1 -g1    -o CMakeFiles/cmTC_9461c.dir/CheckSymbolExists.cxx.o -c /home/nvidia/feixianxing_ku/eigen3.3.7/build/CMakeFiles/CMakeTmp/CheckSymbolExists.cxx
Linking CXX executable cmTC_9461c
/usr/bin/cmake -E cmake_link_script CMakeFiles/cmTC_9461c.dir/link.txt --verbose=1
/usr/bin/c++    -std=c++03 -pedantic -Wall -Wextra -Wundef -Wcast-align -Wchar-subscripts -Wnon-virtual-dtor -Wunused-local-typedefs -Wpointer-arith -Wwrite-strings -Wformat-security -Wlogical-op -Wdouble-promotion -Wno-psabi -Wno-variadic-macros -Wno-long-long -fno-check-new -fno-common -fstrict-aliasing -ansi -O1 -g1     CMakeFiles/cmTC_9461c.dir/CheckSymbolExists.cxx.o  -o cmTC_9461c -rdynamic 
make[1]: Leaving directory '/home/nvidia/feixianxing_ku/eigen3.3.7/build/CMakeFiles/CMakeTmp'

File /home/nvidia/feixianxing_ku/eigen3.3.7/build/CMakeFiles/CMakeTmp/CheckSymbolExists.cxx:
/* */
#include <QtCore/qglobal.h>

int main(int argc, char** argv)
{
  (void)argv;
#ifndef Q_WS_X11
  return ((int*)(&Q_WS_X11))[argc];
#else
  (void)argc;
  return 0;
#endif
}

Compiling the Fortran compiler identification source file "CMakeFortranCompilerId.F" succeeded.
Compiler: /usr/bin/gfortran 
Build flags: 
Id flags: -v

The output was:
0
Driving: /usr/bin/gfortran -v CMakeFortranCompilerId.F -l gfortran -l m -shared-libgcc
Using built-in specs.
COLLECT_GCC=/usr/bin/gfortran
COLLECT_LTO_WRAPPER=/usr/lib/gcc/aarch64-linux-gnu/5/lto-wrapper
Target: aarch64-linux-gnu
Configured with: ../src/configure -v --with-pkgversion='Ubuntu/Linaro 5.4.0-6ubuntu1~16.04.11' --with-bugurl=file:///usr/share/doc/gcc-5/README.Bugs --enable-languages=c,ada,c++,java,go,d,fortran,objc,obj-c++ --prefix=/usr --program-suffix=-5 --enable-shared --enable-linker-build-id --libexecdir=/usr/lib --without-included-gettext --enable-threads=posix --libdir=/usr/lib --enable-nls --with-sysroot=/ --enable-clocale=gnu --enable-libstdcxx-debug --enable-libstdcxx-time=yes --with-default-libstdcxx-abi=new --enable-gnu-unique-object --disable-libquadmath --enable-plugin --with-system-zlib --disable-browser-plugin --enable-java-awt=gtk --enable-gtk-cairo --with-java-home=/usr/lib/jvm/java-1.5.0-gcj-5-arm64/jre --enable-java-home --with-jvm-root-dir=/usr/lib/jvm/java-1.5.0-gcj-5-arm64 --with-jvm-jar-dir=/usr/lib/jvm-exports/java-1.5.0-gcj-5-arm64 --with-arch-directory=aarch64 --with-ecj-jar=/usr/share/java/eclipse-ecj.jar --enable-multiarch --enable-fix-cortex-a53-843419 --disable-werror --enable-checking=release --build=aarch64-linux-gnu --host=aarch64-linux-gnu --target=aarch64-linux-gnu
Thread model: posix
gcc version 5.4.0 20160609 (Ubuntu/Linaro 5.4.0-6ubuntu1~16.04.11) 
COLLECT_GCC_OPTIONS='-v' '-shared-libgcc' '-mlittle-endian' '-mabi=lp64'
 /usr/lib/gcc/aarch64-linux-gnu/5/f951 CMakeFortranCompilerId.F -ffixed-form -cpp=/tmp/ccz4j8ni.f90 -quiet -v -imultiarch aarch64-linux-gnu CMakeFortranCompilerId.F -quiet -dumpbase CMakeFortranCompilerId.F -mlittle-endian -mabi=lp64 -auxbase CMakeFortranCompilerId -version -fintrinsic-modules-path /usr/lib/gcc/aarch64-linux-gnu/5/finclude -o /tmp/ccCppMBq.s
GNU Fortran (Ubuntu/Linaro 5.4.0-6ubuntu1~16.04.11) version 5.4.0 20160609 (aarch64-linux-gnu)
	compiled by GNU C version 5.4.0 20160609, GMP version 6.1.0, MPFR version 3.1.4, MPC version 1.0.3
GGC heuristics: --param ggc-min-expand=100 --param ggc-min-heapsize=131072
ignoring nonexistent directory "/usr/local/include/aarch64-linux-gnu"
ignoring nonexistent directory "/usr/lib/gcc/aarch64-linux-gnu/5/../../../../aarch64-linux-gnu/include"
#include "..." search starts here:
#include <...> search starts here:
 /usr/lib/gcc/aarch64-linux-gnu/5/finclude
 /usr/lib/gcc/aarch64-linux-gnu/5/include
 /usr/local/include
 /usr/lib/gcc/aarch64-linux-gnu/5/include-fixed
 /usr/include/aarch64-linux-gnu
 /usr/include
End of search list.
GNU Fortran2008 (Ubuntu/Linaro 5.4.0-6ubuntu1~16.04.11) version 5.4.0 20160609 (aarch64-linux-gnu)
	compiled by GNU C version 5.4.0 20160609, GMP version 6.1.0, MPFR version 3.1.4, MPC version 1.0.3
GGC heuristics: --param ggc-min-expand=100 --param ggc-min-heapsize=131072
COLLECT_GCC_OPTIONS='-v' '-shared-libgcc' '-mlittle-endian' '-mabi=lp64'
 as -v -EL -mabi=lp64 -o /tmp/ccSixENu.o /tmp/ccCppMBq.s
GNU assembler version 2.26.1 (aarch64-linux-gnu) using BFD version (GNU Binutils for Ubuntu) 2.26.1
Reading specs from /usr/lib/gcc/aarch64-linux-gnu/5/libgfortran.spec
rename spec lib to liborig
COLLECT_GCC_OPTIONS='-v' '-shared-libgcc' '-mlittle-endian' '-mabi=lp64'
COMPILER_PATH=/usr/lib/gcc/aarch64-linux-gnu/5/:/usr/lib/gcc/aarch64-linux-gnu/5/:/usr/lib/gcc/aarch64-linux-gnu/:/usr/lib/gcc/aarch64-linux-gnu/5/:/usr/lib/gcc/aarch64-linux-gnu/
LIBRARY_PATH=/usr/lib/gcc/aarch64-linux-gnu/5/:/usr/lib/gcc/aarch64-linux-gnu/5/../../../aarch64-linux-gnu/:/usr/lib/gcc/aarch64-linux-gnu/5/../../../../lib/:/lib/aarch64-linux-gnu/:/lib/../lib/:/usr/lib/aarch64-linux-gnu/:/usr/lib/../lib/:/usr/lib/gcc/aarch64-linux-gnu/5/../../../:/lib/:/usr/lib/
COLLECT_GCC_OPTIONS='-v' '-shared-libgcc' '-mlittle-endian' '-mabi=lp64'
 /usr/lib/gcc/aarch64-linux-gnu/5/collect2 -plugin /usr/lib/gcc/aarch64-linux-gnu/5/liblto_plugin.so -plugin-opt=/usr/lib/gcc/aarch64-linux-gnu/5/lto-wrapper -plugin-opt=-fresolution=/tmp/ccI8pYMA.res -plugin-opt=-pass-through=-lgcc_s -plugin-opt=-pass-through=-lgcc -plugin-opt=-pass-through=-lm -plugin-opt=-pass-through=-lgcc_s -plugin-opt=-pass-through=-lgcc -plugin-opt=-pass-through=-lc -plugin-opt=-pass-through=-lgcc_s -plugin-opt=-pass-through=-lgcc --sysroot=/ --build-id --eh-frame-hdr --hash-style=gnu --as-needed -dynamic-linker /lib/ld-linux-aarch64.so.1 -X -EL -maarch64linux --fix-cortex-a53-843419 -z relro /usr/lib/gcc/aarch64-linux-gnu/5/../../../aarch64-linux-gnu/crt1.o /usr/lib/gcc/aarch64-linux-gnu/5/../../../aarch64-linux-gnu/crti.o /usr/lib/gcc/aarch64-linux-gnu/5/crtbegin.o -L/usr/lib/gcc/aarch64-linux-gnu/5 -L/usr/lib/gcc/aarch64-linux-gnu/5/../../../aarch64-linux-gnu -L/usr/lib/gcc/aarch64-linux-gnu/5/../../../../lib -L/lib/aarch64-linux-gnu -L/lib/../lib -L/usr/lib/aarch64-linux-gnu -L/usr/lib/../lib -L/usr/lib/gcc/aarch64-linux-gnu/5/../../.. /tmp/ccSixENu.o -lgfortran -lm -lgcc_s -lgcc -lm -lgcc_s -lgcc -lc -lgcc_s -lgcc /usr/lib/gcc/aarch64-linux-gnu/5/crtend.o /usr/lib/gcc/aarch64-linux-gnu/5/../../../aarch64-linux-gnu/crtn.o


Compilation of the Fortran compiler identification source "CMakeFortranCompilerId.F" produced "a.out"

The Fortran compiler identification is GNU, found in "/home/nvidia/feixianxing_ku/eigen3.3.7/build/CMakeFiles/3.5.1/CompilerIdFortran/a.out"

Determining if the Fortran compiler works passed with the following output:
Change Dir: /home/nvidia/feixianxing_ku/eigen3.3.7/build/CMakeFiles/CMakeTmp

Run Build Command:"/usr/bin/make" "cmTC_eb07b/fast"
/usr/bin/make -f CMakeFiles/cmTC_eb07b.dir/build.make CMakeFiles/cmTC_eb07b.dir/build
make[1]: Entering directory '/home/nvidia/feixianxing_ku/eigen3.3.7/build/CMakeFiles/CMakeTmp'
Building Fortran object CMakeFiles/cmTC_eb07b.dir/testFortranCompiler.f.o
/usr/bin/gfortran     -c /home/nvidia/feixianxing_ku/eigen3.3.7/build/CMakeFiles/CMakeTmp/testFortranCompiler.f -o CMakeFiles/cmTC_eb07b.dir/testFortranCompiler.f.o
Linking Fortran executable cmTC_eb07b
/usr/bin/cmake -E cmake_link_script CMakeFiles/cmTC_eb07b.dir/link.txt --verbose=1
/usr/bin/gfortran       CMakeFiles/cmTC_eb07b.dir/testFortranCompiler.f.o  -o cmTC_eb07b  
make[1]: Leaving directory '/home/nvidia/feixianxing_ku/eigen3.3.7/build/CMakeFiles/CMakeTmp'


Detecting Fortran compiler ABI info compiled with the following output:
Change Dir: /home/nvidia/feixianxing_ku/eigen3.3.7/build/CMakeFiles/CMakeTmp

Run Build Command:"/usr/bin/make" "cmTC_f5a02/fast"
/usr/bin/make -f CMakeFiles/cmTC_f5a02.dir/build.make CMakeFiles/cmTC_f5a02.dir/build
make[1]: Entering directory '/home/nvidia/feixianxing_ku/eigen3.3.7/build/CMakeFiles/CMakeTmp'
Building Fortran object CMakeFiles/cmTC_f5a02.dir/CMakeFortranCompilerABI.F.o
/usr/bin/gfortran     -c /usr/share/cmake-3.5/Modules/CMakeFortranCompilerABI.F -o CMakeFiles/cmTC_f5a02.dir/CMakeFortranCompilerABI.F.o
Linking Fortran executable cmTC_f5a02
/usr/bin/cmake -E cmake_link_script CMakeFiles/cmTC_f5a02.dir/link.txt --verbose=1
/usr/bin/gfortran    -v   CMakeFiles/cmTC_f5a02.dir/CMakeFortranCompilerABI.F.o  -o cmTC_f5a02   
Driving: /usr/bin/gfortran -v CMakeFiles/cmTC_f5a02.dir/CMakeFortranCompilerABI.F.o -o cmTC_f5a02 -l gfortran -l m -shared-libgcc
Using built-in specs.
COLLECT_GCC=/usr/bin/gfortran
COLLECT_LTO_WRAPPER=/usr/lib/gcc/aarch64-linux-gnu/5/lto-wrapper
Target: aarch64-linux-gnu
Configured with: ../src/configure -v --with-pkgversion='Ubuntu/Linaro 5.4.0-6ubuntu1~16.04.11' --with-bugurl=file:///usr/share/doc/gcc-5/README.Bugs --enable-languages=c,ada,c++,java,go,d,fortran,objc,obj-c++ --prefix=/usr --program-suffix=-5 --enable-shared --enable-linker-build-id --libexecdir=/usr/lib --without-included-gettext --enable-threads=posix --libdir=/usr/lib --enable-nls --with-sysroot=/ --enable-clocale=gnu --enable-libstdcxx-debug --enable-libstdcxx-time=yes --with-default-libstdcxx-abi=new --enable-gnu-unique-object --disable-libquadmath --enable-plugin --with-system-zlib --disable-browser-plugin --enable-java-awt=gtk --enable-gtk-cairo --with-java-home=/usr/lib/jvm/java-1.5.0-gcj-5-arm64/jre --enable-java-home --with-jvm-root-dir=/usr/lib/jvm/java-1.5.0-gcj-5-arm64 --with-jvm-jar-dir=/usr/lib/jvm-exports/java-1.5.0-gcj-5-arm64 --with-arch-directory=aarch64 --with-ecj-jar=/usr/share/java/eclipse-ecj.jar --enable-multiarch --enable-fix-cortex-a53-843419 --disable-werror --enable-checking=release --build=aarch64-linux-gnu --host=aarch64-linux-gnu --target=aarch64-linux-gnu
Thread model: posix
gcc version 5.4.0 20160609 (Ubuntu/Linaro 5.4.0-6ubuntu1~16.04.11) 
Reading specs from /usr/lib/gcc/aarch64-linux-gnu/5/libgfortran.spec
rename spec lib to liborig
COLLECT_GCC_OPTIONS='-v' '-o' 'cmTC_f5a02' '-shared-libgcc' '-mlittle-endian' '-mabi=lp64'
COMPILER_PATH=/usr/lib/gcc/aarch64-linux-gnu/5/:/usr/lib/gcc/aarch64-linux-gnu/5/:/usr/lib/gcc/aarch64-linux-gnu/:/usr/lib/gcc/aarch64-linux-gnu/5/:/usr/lib/gcc/aarch64-linux-gnu/
LIBRARY_PATH=/usr/lib/gcc/aarch64-linux-gnu/5/:/usr/lib/gcc/aarch64-linux-gnu/5/../../../aarch64-linux-gnu/:/usr/lib/gcc/aarch64-linux-gnu/5/../../../../lib/:/lib/aarch64-linux-gnu/:/lib/../lib/:/usr/lib/aarch64-linux-gnu/:/usr/lib/../lib/:/usr/lib/gcc/aarch64-linux-gnu/5/../../../:/lib/:/usr/lib/
COLLECT_GCC_OPTIONS='-v' '-o' 'cmTC_f5a02' '-shared-libgcc' '-mlittle-endian' '-mabi=lp64'
 /usr/lib/gcc/aarch64-linux-gnu/5/collect2 -plugin /usr/lib/gcc/aarch64-linux-gnu/5/liblto_plugin.so -plugin-opt=/usr/lib/gcc/aarch64-linux-gnu/5/lto-wrapper -plugin-opt=-fresolution=/tmp/ccYI57eT.res -plugin-opt=-pass-through=-lgcc_s -plugin-opt=-pass-through=-lgcc -plugin-opt=-pass-through=-lm -plugin-opt=-pass-through=-lgcc_s -plugin-opt=-pass-through=-lgcc -plugin-opt=-pass-through=-lc -plugin-opt=-pass-through=-lgcc_s -plugin-opt=-pass-through=-lgcc --sysroot=/ --build-id --eh-frame-hdr --hash-style=gnu --as-needed -dynamic-linker /lib/ld-linux-aarch64.so.1 -X -EL -maarch64linux --fix-cortex-a53-843419 -z relro -o cmTC_f5a02 /usr/lib/gcc/aarch64-linux-gnu/5/../../../aarch64-linux-gnu/crt1.o /usr/lib/gcc/aarch64-linux-gnu/5/../../../aarch64-linux-gnu/crti.o /usr/lib/gcc/aarch64-linux-gnu/5/crtbegin.o -L/usr/lib/gcc/aarch64-linux-gnu/5 -L/usr/lib/gcc/aarch64-linux-gnu/5/../../../aarch64-linux-gnu -L/usr/lib/gcc/aarch64-linux-gnu/5/../../../../lib -L/lib/aarch64-linux-gnu -L/lib/../lib -L/usr/lib/aarch64-linux-gnu -L/usr/lib/../lib -L/usr/lib/gcc/aarch64-linux-gnu/5/../../.. CMakeFiles/cmTC_f5a02.dir/CMakeFortranCompilerABI.F.o -lgfortran -lm -lgcc_s -lgcc -lm -lgcc_s -lgcc -lc -lgcc_s -lgcc /usr/lib/gcc/aarch64-linux-gnu/5/crtend.o /usr/lib/gcc/aarch64-linux-gnu/5/../../../aarch64-linux-gnu/crtn.o
make[1]: Leaving directory '/home/nvidia/feixianxing_ku/eigen3.3.7/build/CMakeFiles/CMakeTmp'


Parsed Fortran implicit link information from above output:
  link line regex: [^( *|.*[/\])(ld|([^/\]+-)?ld|collect2)[^/\]*( |$)]
  ignore line: [Change Dir: /home/nvidia/feixianxing_ku/eigen3.3.7/build/CMakeFiles/CMakeTmp]
  ignore line: []
  ignore line: [Run Build Command:"/usr/bin/make" "cmTC_f5a02/fast"]
  ignore line: [/usr/bin/make -f CMakeFiles/cmTC_f5a02.dir/build.make CMakeFiles/cmTC_f5a02.dir/build]
  ignore line: [make[1]: Entering directory '/home/nvidia/feixianxing_ku/eigen3.3.7/build/CMakeFiles/CMakeTmp']
  ignore line: [Building Fortran object CMakeFiles/cmTC_f5a02.dir/CMakeFortranCompilerABI.F.o]
  ignore line: [/usr/bin/gfortran     -c /usr/share/cmake-3.5/Modules/CMakeFortranCompilerABI.F -o CMakeFiles/cmTC_f5a02.dir/CMakeFortranCompilerABI.F.o]
  ignore line: [Linking Fortran executable cmTC_f5a02]
  ignore line: [/usr/bin/cmake -E cmake_link_script CMakeFiles/cmTC_f5a02.dir/link.txt --verbose=1]
  ignore line: [/usr/bin/gfortran    -v   CMakeFiles/cmTC_f5a02.dir/CMakeFortranCompilerABI.F.o  -o cmTC_f5a02   ]
  ignore line: [Driving: /usr/bin/gfortran -v CMakeFiles/cmTC_f5a02.dir/CMakeFortranCompilerABI.F.o -o cmTC_f5a02 -l gfortran -l m -shared-libgcc]
  ignore line: [Using built-in specs.]
  ignore line: [COLLECT_GCC=/usr/bin/gfortran]
  ignore line: [COLLECT_LTO_WRAPPER=/usr/lib/gcc/aarch64-linux-gnu/5/lto-wrapper]
  ignore line: [Target: aarch64-linux-gnu]
  ignore line: [Configured with: ../src/configure -v --with-pkgversion='Ubuntu/Linaro 5.4.0-6ubuntu1~16.04.11' --with-bugurl=file:///usr/share/doc/gcc-5/README.Bugs --enable-languages=c,ada,c++,java,go,d,fortran,objc,obj-c++ --prefix=/usr --program-suffix=-5 --enable-shared --enable-linker-build-id --libexecdir=/usr/lib --without-included-gettext --enable-threads=posix --libdir=/usr/lib --enable-nls --with-sysroot=/ --enable-clocale=gnu --enable-libstdcxx-debug --enable-libstdcxx-time=yes --with-default-libstdcxx-abi=new --enable-gnu-unique-object --disable-libquadmath --enable-plugin --with-system-zlib --disable-browser-plugin --enable-java-awt=gtk --enable-gtk-cairo --with-java-home=/usr/lib/jvm/java-1.5.0-gcj-5-arm64/jre --enable-java-home --with-jvm-root-dir=/usr/lib/jvm/java-1.5.0-gcj-5-arm64 --with-jvm-jar-dir=/usr/lib/jvm-exports/java-1.5.0-gcj-5-arm64 --with-arch-directory=aarch64 --with-ecj-jar=/usr/share/java/eclipse-ecj.jar --enable-multiarch --enable-fix-cortex-a53-843419 --disable-werror --enable-checking=release --build=aarch64-linux-gnu --host=aarch64-linux-gnu --target=aarch64-linux-gnu]
  ignore line: [Thread model: posix]
  ignore line: [gcc version 5.4.0 20160609 (Ubuntu/Linaro 5.4.0-6ubuntu1~16.04.11) ]
  ignore line: [Reading specs from /usr/lib/gcc/aarch64-linux-gnu/5/libgfortran.spec]
  ignore line: [rename spec lib to liborig]
  ignore line: [COLLECT_GCC_OPTIONS='-v' '-o' 'cmTC_f5a02' '-shared-libgcc' '-mlittle-endian' '-mabi=lp64']
  ignore line: [COMPILER_PATH=/usr/lib/gcc/aarch64-linux-gnu/5/:/usr/lib/gcc/aarch64-linux-gnu/5/:/usr/lib/gcc/aarch64-linux-gnu/:/usr/lib/gcc/aarch64-linux-gnu/5/:/usr/lib/gcc/aarch64-linux-gnu/]
  ignore line: [LIBRARY_PATH=/usr/lib/gcc/aarch64-linux-gnu/5/:/usr/lib/gcc/aarch64-linux-gnu/5/../../../aarch64-linux-gnu/:/usr/lib/gcc/aarch64-linux-gnu/5/../../../../lib/:/lib/aarch64-linux-gnu/:/lib/../lib/:/usr/lib/aarch64-linux-gnu/:/usr/lib/../lib/:/usr/lib/gcc/aarch64-linux-gnu/5/../../../:/lib/:/usr/lib/]
  ignore line: [COLLECT_GCC_OPTIONS='-v' '-o' 'cmTC_f5a02' '-shared-libgcc' '-mlittle-endian' '-mabi=lp64']
  link line: [ /usr/lib/gcc/aarch64-linux-gnu/5/collect2 -plugin /usr/lib/gcc/aarch64-linux-gnu/5/liblto_plugin.so -plugin-opt=/usr/lib/gcc/aarch64-linux-gnu/5/lto-wrapper -plugin-opt=-fresolution=/tmp/ccYI57eT.res -plugin-opt=-pass-through=-lgcc_s -plugin-opt=-pass-through=-lgcc -plugin-opt=-pass-through=-lm -plugin-opt=-pass-through=-lgcc_s -plugin-opt=-pass-through=-lgcc -plugin-opt=-pass-through=-lc -plugin-opt=-pass-through=-lgcc_s -plugin-opt=-pass-through=-lgcc --sysroot=/ --build-id --eh-frame-hdr --hash-style=gnu --as-needed -dynamic-linker /lib/ld-linux-aarch64.so.1 -X -EL -maarch64linux --fix-cortex-a53-843419 -z relro -o cmTC_f5a02 /usr/lib/gcc/aarch64-linux-gnu/5/../../../aarch64-linux-gnu/crt1.o /usr/lib/gcc/aarch64-linux-gnu/5/../../../aarch64-linux-gnu/crti.o /usr/lib/gcc/aarch64-linux-gnu/5/crtbegin.o -L/usr/lib/gcc/aarch64-linux-gnu/5 -L/usr/lib/gcc/aarch64-linux-gnu/5/../../../aarch64-linux-gnu -L/usr/lib/gcc/aarch64-linux-gnu/5/../../../../lib -L/lib/aarch64-linux-gnu -L/lib/../lib -L/usr/lib/aarch64-linux-gnu -L/usr/lib/../lib -L/usr/lib/gcc/aarch64-linux-gnu/5/../../.. CMakeFiles/cmTC_f5a02.dir/CMakeFortranCompilerABI.F.o -lgfortran -lm -lgcc_s -lgcc -lm -lgcc_s -lgcc -lc -lgcc_s -lgcc /usr/lib/gcc/aarch64-linux-gnu/5/crtend.o /usr/lib/gcc/aarch64-linux-gnu/5/../../../aarch64-linux-gnu/crtn.o]
    arg [/usr/lib/gcc/aarch64-linux-gnu/5/collect2] ==> ignore
    arg [-plugin] ==> ignore
    arg [/usr/lib/gcc/aarch64-linux-gnu/5/liblto_plugin.so] ==> ignore
    arg [-plugin-opt=/usr/lib/gcc/aarch64-linux-gnu/5/lto-wrapper] ==> ignore
    arg [-plugin-opt=-fresolution=/tmp/ccYI57eT.res] ==> ignore
    arg [-plugin-opt=-pass-through=-lgcc_s] ==> ignore
    arg [-plugin-opt=-pass-through=-lgcc] ==> ignore
    arg [-plugin-opt=-pass-through=-lm] ==> ignore
    arg [-plugin-opt=-pass-through=-lgcc_s] ==> ignore
    arg [-plugin-opt=-pass-through=-lgcc] ==> ignore
    arg [-plugin-opt=-pass-through=-lc] ==> ignore
    arg [-plugin-opt=-pass-through=-lgcc_s] ==> ignore
    arg [-plugin-opt=-pass-through=-lgcc] ==> ignore
    arg [--sysroot=/] ==> ignore
    arg [--build-id] ==> ignore
    arg [--eh-frame-hdr] ==> ignore
    arg [--hash-style=gnu] ==> ignore
    arg [--as-needed] ==> ignore
    arg [-dynamic-linker] ==> ignore
    arg [/lib/ld-linux-aarch64.so.1] ==> ignore
    arg [-X] ==> ignore
    arg [-EL] ==> ignore
    arg [-maarch64linux] ==> ignore
    arg [--fix-cortex-a53-843419] ==> ignore
    arg [-zrelro] ==> ignore
    arg [-o] ==> ignore
    arg [cmTC_f5a02] ==> ignore
    arg [/usr/lib/gcc/aarch64-linux-gnu/5/../../../aarch64-linux-gnu/crt1.o] ==> ignore
    arg [/usr/lib/gcc/aarch64-linux-gnu/5/../../../aarch64-linux-gnu/crti.o] ==> ignore
    arg [/usr/lib/gcc/aarch64-linux-gnu/5/crtbegin.o] ==> ignore
    arg [-L/usr/lib/gcc/aarch64-linux-gnu/5] ==> dir [/usr/lib/gcc/aarch64-linux-gnu/5]
    arg [-L/usr/lib/gcc/aarch64-linux-gnu/5/../../../aarch64-linux-gnu] ==> dir [/usr/lib/gcc/aarch64-linux-gnu/5/../../../aarch64-linux-gnu]
    arg [-L/usr/lib/gcc/aarch64-linux-gnu/5/../../../../lib] ==> dir [/usr/lib/gcc/aarch64-linux-gnu/5/../../../../lib]
    arg [-L/lib/aarch64-linux-gnu] ==> dir [/lib/aarch64-linux-gnu]
    arg [-L/lib/../lib] ==> dir [/lib/../lib]
    arg [-L/usr/lib/aarch64-linux-gnu] ==> dir [/usr/lib/aarch64-linux-gnu]
    arg [-L/usr/lib/../lib] ==> dir [/usr/lib/../lib]
    arg [-L/usr/lib/gcc/aarch64-linux-gnu/5/../../..] ==> dir [/usr/lib/gcc/aarch64-linux-gnu/5/../../..]
    arg [CMakeFiles/cmTC_f5a02.dir/CMakeFortranCompilerABI.F.o] ==> ignore
    arg [-lgfortran] ==> lib [gfortran]
    arg [-lm] ==> lib [m]
    arg [-lgcc_s] ==> lib [gcc_s]
    arg [-lgcc] ==> lib [gcc]
    arg [-lm] ==> lib [m]
    arg [-lgcc_s] ==> lib [gcc_s]
    arg [-lgcc] ==> lib [gcc]
    arg [-lc] ==> lib [c]
    arg [-lgcc_s] ==> lib [gcc_s]
    arg [-lgcc] ==> lib [gcc]
    arg [/usr/lib/gcc/aarch64-linux-gnu/5/crtend.o] ==> ignore
    arg [/usr/lib/gcc/aarch64-linux-gnu/5/../../../aarch64-linux-gnu/crtn.o] ==> ignore
  remove lib [gcc_s]
  remove lib [gcc]
  remove lib [gcc_s]
  remove lib [gcc]
  remove lib [gcc_s]
  remove lib [gcc]
  collapse library dir [/usr/lib/gcc/aarch64-linux-gnu/5] ==> [/usr/lib/gcc/aarch64-linux-gnu/5]
  collapse library dir [/usr/lib/gcc/aarch64-linux-gnu/5/../../../aarch64-linux-gnu] ==> [/usr/lib/aarch64-linux-gnu]
  collapse library dir [/usr/lib/gcc/aarch64-linux-gnu/5/../../../../lib] ==> [/usr/lib]
  collapse library dir [/lib/aarch64-linux-gnu] ==> [/lib/aarch64-linux-gnu]
  collapse library dir [/lib/../lib] ==> [/lib]
  collapse library dir [/usr/lib/aarch64-linux-gnu] ==> [/usr/lib/aarch64-linux-gnu]
  collapse library dir [/usr/lib/../lib] ==> [/usr/lib]
  collapse library dir [/usr/lib/gcc/aarch64-linux-gnu/5/../../..] ==> [/usr/lib]
  implicit libs: [gfortran;m;m;c]
  implicit dirs: [/usr/lib/gcc/aarch64-linux-gnu/5;/usr/lib/aarch64-linux-gnu;/usr/lib;/lib/aarch64-linux-gnu;/lib]
  implicit fwks: []


Determining if the Fortran compiler supports Fortran 90 passed with the following output:
Change Dir: /home/nvidia/feixianxing_ku/eigen3.3.7/build/CMakeFiles/CMakeTmp

Run Build Command:"/usr/bin/make" "cmTC_895f4/fast"
/usr/bin/make -f CMakeFiles/cmTC_895f4.dir/build.make CMakeFiles/cmTC_895f4.dir/build
make[1]: Entering directory '/home/nvidia/feixianxing_ku/eigen3.3.7/build/CMakeFiles/CMakeTmp'
Building Fortran object CMakeFiles/cmTC_895f4.dir/testFortranCompilerF90.f90.o
/usr/bin/gfortran     -c /home/nvidia/feixianxing_ku/eigen3.3.7/build/CMakeFiles/CMakeTmp/testFortranCompilerF90.f90 -o CMakeFiles/cmTC_895f4.dir/testFortranCompilerF90.f90.o
Linking Fortran executable cmTC_895f4
/usr/bin/cmake -E cmake_link_script CMakeFiles/cmTC_895f4.dir/link.txt --verbose=1
/usr/bin/gfortran       CMakeFiles/cmTC_895f4.dir/testFortranCompilerF90.f90.o  -o cmTC_895f4  
make[1]: Leaving directory '/home/nvidia/feixianxing_ku/eigen3.3.7/build/CMakeFiles/CMakeTmp'


Performing C++ SOURCE FILE Test COMPILER_SUPPORT_FASTMATH succeeded with the following output:
Change Dir: /home/nvidia/feixianxing_ku/eigen3.3.7/build/CMakeFiles/CMakeTmp

Run Build Command:"/usr/bin/make" "cmTC_7ceca/fast"
/usr/bin/make -f CMakeFiles/cmTC_7ceca.dir/build.make CMakeFiles/cmTC_7ceca.dir/build
make[1]: Entering directory '/home/nvidia/feixianxing_ku/eigen3.3.7/build/CMakeFiles/CMakeTmp'
Building CXX object CMakeFiles/cmTC_7ceca.dir/src.cxx.o
/usr/bin/c++     -std=c++03 -pedantic -Wall -Wextra -Wundef -Wcast-align -Wchar-subscripts -Wnon-virtual-dtor -Wunused-local-typedefs -Wpointer-arith -Wwrite-strings -Wformat-security -Wlogical-op -Wdouble-promotion -Wno-psabi -Wno-variadic-macros -Wno-long-long -fno-check-new -fno-common -fstrict-aliasing -ansi -DCOMPILER_SUPPORT_FASTMATH   -ffast-math -o CMakeFiles/cmTC_7ceca.dir/src.cxx.o -c /home/nvidia/feixianxing_ku/eigen3.3.7/build/CMakeFiles/CMakeTmp/src.cxx
Linking CXX executable cmTC_7ceca
/usr/bin/cmake -E cmake_link_script CMakeFiles/cmTC_7ceca.dir/link.txt --verbose=1
/usr/bin/c++    -std=c++03 -pedantic -Wall -Wextra -Wundef -Wcast-align -Wchar-subscripts -Wnon-virtual-dtor -Wunused-local-typedefs -Wpointer-arith -Wwrite-strings -Wformat-security -Wlogical-op -Wdouble-promotion -Wno-psabi -Wno-variadic-macros -Wno-long-long -fno-check-new -fno-common -fstrict-aliasing -ansi -DCOMPILER_SUPPORT_FASTMATH    CMakeFiles/cmTC_7ceca.dir/src.cxx.o  -o cmTC_7ceca -rdynamic 
make[1]: Leaving directory '/home/nvidia/feixianxing_ku/eigen3.3.7/build/CMakeFiles/CMakeTmp'

Source file was:
int main() { return 0; }
Determining if the include file pthread.h exists passed with the following output:
Change Dir: /home/nvidia/feixianxing_ku/eigen3.3.7/build/CMakeFiles/CMakeTmp

Run Build Command:"/usr/bin/make" "cmTC_3c0b5/fast"
/usr/bin/make -f CMakeFiles/cmTC_3c0b5.dir/build.make CMakeFiles/cmTC_3c0b5.dir/build
make[1]: Entering directory '/home/nvidia/feixianxing_ku/eigen3.3.7/build/CMakeFiles/CMakeTmp'
Building C object CMakeFiles/cmTC_3c0b5.dir/CheckIncludeFile.c.o
/usr/bin/cc     -o CMakeFiles/cmTC_3c0b5.dir/CheckIncludeFile.c.o   -c /home/nvidia/feixianxing_ku/eigen3.3.7/build/CMakeFiles/CMakeTmp/CheckIncludeFile.c
Linking C executable cmTC_3c0b5
/usr/bin/cmake -E cmake_link_script CMakeFiles/cmTC_3c0b5.dir/link.txt --verbose=1
/usr/bin/cc       CMakeFiles/cmTC_3c0b5.dir/CheckIncludeFile.c.o  -o cmTC_3c0b5 -rdynamic 
make[1]: Leaving directory '/home/nvidia/feixianxing_ku/eigen3.3.7/build/CMakeFiles/CMakeTmp'


Determining if the function pthread_create exists in the pthread passed with the following output:
Change Dir: /home/nvidia/feixianxing_ku/eigen3.3.7/build/CMakeFiles/CMakeTmp

Run Build Command:"/usr/bin/make" "cmTC_bd8f9/fast"
/usr/bin/make -f CMakeFiles/cmTC_bd8f9.dir/build.make CMakeFiles/cmTC_bd8f9.dir/build
make[1]: Entering directory '/home/nvidia/feixianxing_ku/eigen3.3.7/build/CMakeFiles/CMakeTmp'
Building C object CMakeFiles/cmTC_bd8f9.dir/CheckFunctionExists.c.o
/usr/bin/cc    -DCHECK_FUNCTION_EXISTS=pthread_create   -o CMakeFiles/cmTC_bd8f9.dir/CheckFunctionExists.c.o   -c /usr/share/cmake-3.5/Modules/CheckFunctionExists.c
Linking C executable cmTC_bd8f9
/usr/bin/cmake -E cmake_link_script CMakeFiles/cmTC_bd8f9.dir/link.txt --verbose=1
/usr/bin/cc   -DCHECK_FUNCTION_EXISTS=pthread_create    CMakeFiles/cmTC_bd8f9.dir/CheckFunctionExists.c.o  -o cmTC_bd8f9 -rdynamic -lpthread 
make[1]: Leaving directory '/home/nvidia/feixianxing_ku/eigen3.3.7/build/CMakeFiles/CMakeTmp'


